#
# There is insufficient memory for the Java Runtime Environment to continue.
# Native memory allocation (malloc) failed to allocate 1263152 bytes for Chunk::new
# Possible reasons:
#   The system is out of physical RAM or swap space
#   In 32 bit mode, the process size limit was hit
# Possible solutions:
#   Reduce memory load on the system
#   Increase physical memory or swap space
#   Check if swap backing store is full
#   Use 64 bit Java on a 64 bit OS
#   Decrease Java heap size (-Xmx/-Xms)
#   Decrease number of Java threads
#   Decrease Java thread stack sizes (-Xss)
#   Set larger code cache with -XX:ReservedCodeCacheSize=
# This output file may be truncated or incomplete.
#
#  Out of Memory Error (allocation.cpp:390), pid=12524, tid=6996
#
# JRE version: Java(TM) SE Runtime Environment (8.0_66-b17) (build 1.8.0_66-b17)
# Java VM: Java HotSpot(TM) 64-Bit Server VM (25.66-b17 mixed mode windows-amd64 compressed oops)
# Failed to write core dump. Minidumps are not enabled by default on client versions of Windows
#

---------------  T H R E A D  ---------------

Current thread (0x0000000019d41800):  JavaThread "C2 CompilerThread0" daemon [_thread_in_native, id=6996, stack(0x000000001b3a0000,0x000000001b4a0000)]

Stack: [0x000000001b3a0000,0x000000001b4a0000]
[error occurred during error reporting (printing stack bounds), id 0xc0000005]

Native frames: (J=compiled Java code, j=interpreted, Vv=VM code, C=native code)


Current CompileTask:
C2:   8934 3889       4       org.eclipse.xtext.serializer.analysis.ContextPDAProvider::collectExtracted (313 bytes)


---------------  P R O C E S S  ---------------

Java Threads: ( => current thread )
  0x000000001c04c800 JavaThread "com.google.inject.internal.util.$Finalizer" daemon [_thread_blocked, id=9256, stack(0x000000001d770000,0x000000001d870000)]
  0x000000001c2bc800 JavaThread "EMF Reference Cleaner" daemon [_thread_blocked, id=10932, stack(0x000000001d470000,0x000000001d570000)]
  0x000000001b6db800 JavaThread "Service Thread" daemon [_thread_blocked, id=9180, stack(0x000000001baa0000,0x000000001bba0000)]
  0x0000000019d4c800 JavaThread "C1 CompilerThread2" daemon [_thread_blocked, id=8848, stack(0x000000001b5a0000,0x000000001b6a0000)]
  0x0000000019d47000 JavaThread "C2 CompilerThread1" daemon [_thread_in_native, id=1940, stack(0x000000001b4a0000,0x000000001b5a0000)]
=>0x0000000019d41800 JavaThread "C2 CompilerThread0" daemon [_thread_in_native, id=6996, stack(0x000000001b3a0000,0x000000001b4a0000)]
  0x0000000019d40000 JavaThread "Attach Listener" daemon [_thread_blocked, id=10756, stack(0x000000001b2a0000,0x000000001b3a0000)]
  0x0000000019d3f000 JavaThread "Signal Dispatcher" daemon [_thread_blocked, id=220, stack(0x000000001b1a0000,0x000000001b2a0000)]
  0x0000000002e38800 JavaThread "Finalizer" daemon [_thread_blocked, id=12204, stack(0x000000001af90000,0x000000001b090000)]
  0x0000000002e30000 JavaThread "Reference Handler" daemon [_thread_blocked, id=4548, stack(0x000000001ae90000,0x000000001af90000)]
  0x0000000002d43800 JavaThread "main" [_thread_in_Java, id=8988, stack(0x0000000002c00000,0x0000000002d00000)]

Other Threads:
  0x0000000019d07800 VMThread [stack: 0x000000001ad90000,0x000000001ae90000] [id=956]
  0x000000001b6e1800 WatcherThread [stack: 0x000000001bba0000,0x000000001bca0000] [id=10588]

VM state:not at safepoint (normal execution)

VM Mutex/Monitor currently owned by a thread: None

Heap:
 PSYoungGen      total 202240K, used 102064K [0x0000000781900000, 0x000000078e600000, 0x00000007c0000000)
  eden space 194560K, 52% used [0x0000000781900000,0x0000000787cac0e0,0x000000078d700000)
  from space 7680K, 0% used [0x000000078de80000,0x000000078de80000,0x000000078e600000)
  to   space 7680K, 0% used [0x000000078d700000,0x000000078d700000,0x000000078de80000)
 ParOldGen       total 128512K, used 35171K [0x0000000704a00000, 0x000000070c780000, 0x0000000781900000)
  object space 128512K, 27% used [0x0000000704a00000,0x0000000706c58e68,0x000000070c780000)
 Metaspace       used 26022K, capacity 26358K, committed 26752K, reserved 1073152K
  class space    used 3326K, capacity 3413K, committed 3456K, reserved 1048576K

Card table byte_map: [0x0000000012200000,0x00000000127e0000] byte_map_base: 0x000000000e9db000

Marking Bits: (ParMarkBitMap*) 0x0000000054d8a5b0
 Begin Bits: [0x0000000012fd0000, 0x0000000015ea8000)
 End Bits:   [0x0000000015ea8000, 0x0000000018d80000)

Polling page: 0x0000000002bb0000

CodeCache: size=245760Kb used=13463Kb max_used=13463Kb free=232296Kb
 bounds [0x0000000002e40000, 0x0000000003b80000, 0x0000000011e40000]
 total_blobs=4437 nmethods=4046 adapters=299
 compilation: enabled

Compilation events (10 events):
Event: 8.920 Thread 0x0000000019d4c800 4162       2       java.util.LinkedList::removeFirst (23 bytes)
Event: 8.920 Thread 0x0000000019d4c800 nmethod 4162 0x0000000003b6cad0 code [0x0000000003b6cc40, 0x0000000003b6ce78]
Event: 8.922 Thread 0x0000000019d4c800 4163       2       java.util.LinkedHashMap::get (33 bytes)
Event: 8.923 Thread 0x0000000019d4c800 nmethod 4163 0x0000000003b6cf90 code [0x0000000003b6d120, 0x0000000003b6d368]
Event: 8.923 Thread 0x0000000019d4c800 4164       2       java.util.LinkedList::unlinkFirst (64 bytes)
Event: 8.923 Thread 0x0000000019d4c800 nmethod 4164 0x0000000003b6d490 code [0x0000000003b6d5e0, 0x0000000003b6d7f0]
Event: 8.926 Thread 0x0000000019d4c800 4165       2       org.eclipse.xtext.util.Pair::equals (108 bytes)
Event: 8.927 Thread 0x0000000019d4c800 nmethod 4165 0x0000000003b6d8d0 code [0x0000000003b6da60, 0x0000000003b6dda8]
Event: 8.928 Thread 0x0000000019d4c800 4166       2       java.util.LinkedList::<init> (10 bytes)
Event: 8.929 Thread 0x0000000019d4c800 nmethod 4166 0x0000000003b5a4d0 code [0x0000000003b5a620, 0x0000000003b5a770]

GC Heap History (10 events):
Event: 1.266 GC heap before
{Heap before GC invocations=1 (full 0):
 PSYoungGen      total 56320K, used 48524K [0x0000000781900000, 0x0000000785780000, 0x00000007c0000000)
  eden space 48640K, 99% used [0x0000000781900000,0x00000007848631f0,0x0000000784880000)
  from space 7680K, 0% used [0x0000000785000000,0x0000000785000000,0x0000000785780000)
  to   space 7680K, 0% used [0x0000000784880000,0x0000000784880000,0x0000000785000000)
 ParOldGen       total 128512K, used 0K [0x0000000704a00000, 0x000000070c780000, 0x0000000781900000)
  object space 128512K, 0% used [0x0000000704a00000,0x0000000704a00000,0x000000070c780000)
 Metaspace       used 7830K, capacity 7976K, committed 8192K, reserved 1056768K
  class space    used 979K, capacity 1012K, committed 1024K, reserved 1048576K
Event: 1.280 GC heap after
Heap after GC invocations=1 (full 0):
 PSYoungGen      total 56320K, used 7649K [0x0000000781900000, 0x0000000788700000, 0x00000007c0000000)
  eden space 48640K, 0% used [0x0000000781900000,0x0000000781900000,0x0000000784880000)
  from space 7680K, 99% used [0x0000000784880000,0x0000000784ff84f0,0x0000000785000000)
  to   space 7680K, 0% used [0x0000000787f80000,0x0000000787f80000,0x0000000788700000)
 ParOldGen       total 128512K, used 3114K [0x0000000704a00000, 0x000000070c780000, 0x0000000781900000)
  object space 128512K, 2% used [0x0000000704a00000,0x0000000704d0aa70,0x000000070c780000)
 Metaspace       used 7830K, capacity 7976K, committed 8192K, reserved 1056768K
  class space    used 979K, capacity 1012K, committed 1024K, reserved 1048576K
}
Event: 2.284 GC heap before
{Heap before GC invocations=2 (full 0):
 PSYoungGen      total 56320K, used 56289K [0x0000000781900000, 0x0000000788700000, 0x00000007c0000000)
  eden space 48640K, 100% used [0x0000000781900000,0x0000000784880000,0x0000000784880000)
  from space 7680K, 99% used [0x0000000784880000,0x0000000784ff84f0,0x0000000785000000)
  to   space 7680K, 0% used [0x0000000787f80000,0x0000000787f80000,0x0000000788700000)
 ParOldGen       total 128512K, used 3114K [0x0000000704a00000, 0x000000070c780000, 0x0000000781900000)
  object space 128512K, 2% used [0x0000000704a00000,0x0000000704d0aa70,0x000000070c780000)
 Metaspace       used 13049K, capacity 13272K, committed 13568K, reserved 1060864K
  class space    used 1735K, capacity 1790K, committed 1792K, reserved 1048576K
Event: 2.305 GC heap after
Heap after GC invocations=2 (full 0):
 PSYoungGen      total 104960K, used 7672K [0x0000000781900000, 0x0000000788700000, 0x00000007c0000000)
  eden space 97280K, 0% used [0x0000000781900000,0x0000000781900000,0x0000000787800000)
  from space 7680K, 99% used [0x0000000787f80000,0x00000007886fe040,0x0000000788700000)
  to   space 7680K, 0% used [0x0000000787800000,0x0000000787800000,0x0000000787f80000)
 ParOldGen       total 128512K, used 11409K [0x0000000704a00000, 0x000000070c780000, 0x0000000781900000)
  object space 128512K, 8% used [0x0000000704a00000,0x0000000705524408,0x000000070c780000)
 Metaspace       used 13049K, capacity 13272K, committed 13568K, reserved 1060864K
  class space    used 1735K, capacity 1790K, committed 1792K, reserved 1048576K
}
Event: 4.283 GC heap before
{Heap before GC invocations=3 (full 0):
 PSYoungGen      total 104960K, used 104952K [0x0000000781900000, 0x0000000788700000, 0x00000007c0000000)
  eden space 97280K, 100% used [0x0000000781900000,0x0000000787800000,0x0000000787800000)
  from space 7680K, 99% used [0x0000000787f80000,0x00000007886fe040,0x0000000788700000)
  to   space 7680K, 0% used [0x0000000787800000,0x0000000787800000,0x0000000787f80000)
 ParOldGen       total 128512K, used 11409K [0x0000000704a00000, 0x000000070c780000, 0x0000000781900000)
  object space 128512K, 8% used [0x0000000704a00000,0x0000000705524408,0x000000070c780000)
 Metaspace       used 18212K, capacity 18424K, committed 18816K, reserved 1064960K
  class space    used 2528K, capacity 2574K, committed 2688K, reserved 1048576K
Event: 4.333 GC heap after
Heap after GC invocations=3 (full 0):
 PSYoungGen      total 104960K, used 7669K [0x0000000781900000, 0x000000078e600000, 0x00000007c0000000)
  eden space 97280K, 0% used [0x0000000781900000,0x0000000781900000,0x0000000787800000)
  from space 7680K, 99% used [0x0000000787800000,0x0000000787f7d738,0x0000000787f80000)
  to   space 7680K, 0% used [0x000000078de80000,0x000000078de80000,0x000000078e600000)
 ParOldGen       total 128512K, used 36096K [0x0000000704a00000, 0x000000070c780000, 0x0000000781900000)
  object space 128512K, 28% used [0x0000000704a00000,0x0000000706d40118,0x000000070c780000)
 Metaspace       used 18212K, capacity 18424K, committed 18816K, reserved 1064960K
  class space    used 2528K, capacity 2574K, committed 2688K, reserved 1048576K
}
Event: 4.895 GC heap before
{Heap before GC invocations=4 (full 0):
 PSYoungGen      total 104960K, used 53464K [0x0000000781900000, 0x000000078e600000, 0x00000007c0000000)
  eden space 97280K, 47% used [0x0000000781900000,0x00000007845b8900,0x0000000787800000)
  from space 7680K, 99% used [0x0000000787800000,0x0000000787f7d738,0x0000000787f80000)
  to   space 7680K, 0% used [0x000000078de80000,0x000000078de80000,0x000000078e600000)
 ParOldGen       total 128512K, used 36096K [0x0000000704a00000, 0x000000070c780000, 0x0000000781900000)
  object space 128512K, 28% used [0x0000000704a00000,0x0000000706d40118,0x000000070c780000)
 Metaspace       used 20870K, capacity 21064K, committed 21296K, reserved 1067008K
  class space    used 2837K, capacity 2870K, committed 2944K, reserved 1048576K
Event: 4.949 GC heap after
Heap after GC invocations=4 (full 0):
 PSYoungGen      total 202240K, used 7664K [0x0000000781900000, 0x000000078e600000, 0x00000007c0000000)
  eden space 194560K, 0% used [0x0000000781900000,0x0000000781900000,0x000000078d700000)
  from space 7680K, 99% used [0x000000078de80000,0x000000078e5fc050,0x000000078e600000)
  to   space 7680K, 0% used [0x000000078d700000,0x000000078d700000,0x000000078de80000)
 ParOldGen       total 128512K, used 53126K [0x0000000704a00000, 0x000000070c780000, 0x0000000781900000)
  object space 128512K, 41% used [0x0000000704a00000,0x0000000707de1950,0x000000070c780000)
 Metaspace       used 20870K, capacity 21064K, committed 21296K, reserved 1067008K
  class space    used 2837K, capacity 2870K, committed 2944K, reserved 1048576K
}
Event: 4.949 GC heap before
{Heap before GC invocations=5 (full 1):
 PSYoungGen      total 202240K, used 7664K [0x0000000781900000, 0x000000078e600000, 0x00000007c0000000)
  eden space 194560K, 0% used [0x0000000781900000,0x0000000781900000,0x000000078d700000)
  from space 7680K, 99% used [0x000000078de80000,0x000000078e5fc050,0x000000078e600000)
  to   space 7680K, 0% used [0x000000078d700000,0x000000078d700000,0x000000078de80000)
 ParOldGen       total 128512K, used 53126K [0x0000000704a00000, 0x000000070c780000, 0x0000000781900000)
  object space 128512K, 41% used [0x0000000704a00000,0x0000000707de1950,0x000000070c780000)
 Metaspace       used 20870K, capacity 21064K, committed 21296K, reserved 1067008K
  class space    used 2837K, capacity 2870K, committed 2944K, reserved 1048576K
Event: 5.125 GC heap after
Heap after GC invocations=5 (full 1):
 PSYoungGen      total 202240K, used 0K [0x0000000781900000, 0x000000078e600000, 0x00000007c0000000)
  eden space 194560K, 0% used [0x0000000781900000,0x0000000781900000,0x000000078d700000)
  from space 7680K, 0% used [0x000000078de80000,0x000000078de80000,0x000000078e600000)
  to   space 7680K, 0% used [0x000000078d700000,0x000000078d700000,0x000000078de80000)
 ParOldGen       total 128512K, used 35171K [0x0000000704a00000, 0x000000070c780000, 0x0000000781900000)
  object space 128512K, 27% used [0x0000000704a00000,0x0000000706c58e68,0x000000070c780000)
 Metaspace       used 20870K, capacity 21064K, committed 21296K, reserved 1067008K
  class space    used 2837K, capacity 2870K, committed 2944K, reserved 1048576K
}

Deoptimization events (10 events):
Event: 8.466 Thread 0x0000000002d43800 Uncommon trap: reason=speculate_class_check action=maybe_recompile pc=0x0000000003b09dd0 method=java.util.HashMap.hash(Ljava/lang/Object;)I @ 9
Event: 8.466 Thread 0x0000000002d43800 Uncommon trap: reason=speculate_class_check action=maybe_recompile pc=0x0000000003b09dd0 method=java.util.HashMap.hash(Ljava/lang/Object;)I @ 9
Event: 8.466 Thread 0x0000000002d43800 Uncommon trap: reason=speculate_class_check action=maybe_recompile pc=0x0000000003b09dd0 method=java.util.HashMap.hash(Ljava/lang/Object;)I @ 9
Event: 8.466 Thread 0x0000000002d43800 Uncommon trap: reason=speculate_class_check action=maybe_recompile pc=0x0000000003b09dd0 method=java.util.HashMap.hash(Ljava/lang/Object;)I @ 9
Event: 8.914 Thread 0x0000000002d43800 Uncommon trap: reason=unstable_if action=reinterpret pc=0x00000000035910a0 method=java.util.HashMap.getNode(ILjava/lang/Object;)Ljava/util/HashMap$Node; @ 84
Event: 8.914 Thread 0x0000000002d43800 Uncommon trap: reason=unstable_if action=reinterpret pc=0x0000000003b1e93c method=java.util.HashMap$TreeNode.find(ILjava/lang/Object;Ljava/lang/Class;)Ljava/util/HashMap$TreeNode; @ 58
Event: 8.916 Thread 0x0000000002d43800 Uncommon trap: reason=bimorphic action=maybe_recompile pc=0x0000000003aa546c method=org.eclipse.xtext.util.Pair.equals(Ljava/lang/Object;)Z @ 102
Event: 8.916 Thread 0x0000000002d43800 Uncommon trap: reason=bimorphic action=maybe_recompile pc=0x0000000003aa546c method=org.eclipse.xtext.util.Pair.equals(Ljava/lang/Object;)Z @ 102
Event: 8.916 Thread 0x0000000002d43800 Uncommon trap: reason=bimorphic action=maybe_recompile pc=0x0000000003aa546c method=org.eclipse.xtext.util.Pair.equals(Ljava/lang/Object;)Z @ 102
Event: 8.919 Thread 0x0000000002d43800 Uncommon trap: reason=bimorphic action=maybe_recompile pc=0x0000000003aa546c method=org.eclipse.xtext.util.Pair.equals(Ljava/lang/Object;)Z @ 102

Internal exceptions (10 events):
Event: 1.685 Thread 0x0000000002d43800 Exception <a 'java/lang/ArrayIndexOutOfBoundsException'> (0x0000000783295f60) thrown at [C:\re\workspace\8-2-build-windows-amd64-cygwin\jdk8u66\4988\hotspot\src\share\vm\runtime\sharedRuntime.cpp, line 605]
Event: 1.687 Thread 0x0000000002d43800 Exception <a 'java/lang/ArrayIndexOutOfBoundsException'> (0x00000007832abd20) thrown at [C:\re\workspace\8-2-build-windows-amd64-cygwin\jdk8u66\4988\hotspot\src\share\vm\runtime\sharedRuntime.cpp, line 605]
Event: 1.691 Thread 0x0000000002d43800 Exception <a 'java/lang/ArrayIndexOutOfBoundsException'> (0x00000007832c69e8) thrown at [C:\re\workspace\8-2-build-windows-amd64-cygwin\jdk8u66\4988\hotspot\src\share\vm\runtime\sharedRuntime.cpp, line 605]
Event: 1.692 Thread 0x0000000002d43800 Exception <a 'java/lang/ArrayIndexOutOfBoundsException'> (0x00000007832d4140) thrown at [C:\re\workspace\8-2-build-windows-amd64-cygwin\jdk8u66\4988\hotspot\src\share\vm\runtime\sharedRuntime.cpp, line 605]
Event: 1.697 Thread 0x0000000002d43800 Exception <a 'java/lang/ArrayIndexOutOfBoundsException'> (0x0000000783322150) thrown at [C:\re\workspace\8-2-build-windows-amd64-cygwin\jdk8u66\4988\hotspot\src\share\vm\runtime\sharedRuntime.cpp, line 605]
Event: 1.698 Thread 0x0000000002d43800 Exception <a 'java/lang/ArrayIndexOutOfBoundsException'> (0x000000078332d918) thrown at [C:\re\workspace\8-2-build-windows-amd64-cygwin\jdk8u66\4988\hotspot\src\share\vm\runtime\sharedRuntime.cpp, line 605]
Event: 1.700 Thread 0x0000000002d43800 Exception <a 'java/lang/ArrayIndexOutOfBoundsException'> (0x00000007833510d8) thrown at [C:\re\workspace\8-2-build-windows-amd64-cygwin\jdk8u66\4988\hotspot\src\share\vm\runtime\sharedRuntime.cpp, line 605]
Event: 2.318 Thread 0x0000000002d43800 Implicit null exception at 0x00000000032516d5 to 0x00000000032518f9
Event: 2.328 Thread 0x0000000002d43800 Implicit null exception at 0x00000000032f89fb to 0x00000000032f9051
Event: 2.999 Thread 0x000000001c2bc800 Implicit null exception at 0x0000000003374e61 to 0x0000000003374f35

Events (10 events):
Event: 8.916 Thread 0x0000000002d43800 DEOPT UNPACKING pc=0x0000000002e8582a sp=0x0000000002cfe4a0 mode 2
Event: 8.916 Thread 0x0000000002d43800 Uncommon trap: trap_request=0xffffffc6 fr.pc=0x0000000003aa546c
Event: 8.916 Thread 0x0000000002d43800 DEOPT PACKING pc=0x0000000003aa546c sp=0x0000000002cfe510
Event: 8.916 Thread 0x0000000002d43800 DEOPT UNPACKING pc=0x0000000002e8582a sp=0x0000000002cfe4a0 mode 2
Event: 8.916 Thread 0x0000000002d43800 Uncommon trap: trap_request=0xffffffc6 fr.pc=0x0000000003aa546c
Event: 8.916 Thread 0x0000000002d43800 DEOPT PACKING pc=0x0000000003aa546c sp=0x0000000002cfe510
Event: 8.916 Thread 0x0000000002d43800 DEOPT UNPACKING pc=0x0000000002e8582a sp=0x0000000002cfe4a0 mode 2
Event: 8.919 Thread 0x0000000002d43800 Uncommon trap: trap_request=0xffffffc6 fr.pc=0x0000000003aa546c
Event: 8.919 Thread 0x0000000002d43800 DEOPT PACKING pc=0x0000000003aa546c sp=0x0000000002cfe510
Event: 8.919 Thread 0x0000000002d43800 DEOPT UNPACKING pc=0x0000000002e8582a sp=0x0000000002cfe4a0 mode 2


Dynamic libraries:
0x00007ff798a50000 - 0x00007ff798a87000 	C:\Program Files\Java\jre1.8.0_66\bin\javaw.exe
0x00007ffef5f20000 - 0x00007ffef60e2000 	C:\WINDOWS\SYSTEM32\ntdll.dll
0x00007ffef39e0000 - 0x00007ffef3a8d000 	C:\WINDOWS\system32\KERNEL32.DLL
0x00007ffef2d20000 - 0x00007ffef2efd000 	C:\WINDOWS\system32\KERNELBASE.dll
0x00007ffef4010000 - 0x00007ffef40b6000 	C:\WINDOWS\system32\ADVAPI32.dll
0x00007ffef5e80000 - 0x00007ffef5f1d000 	C:\WINDOWS\system32\msvcrt.dll
0x00007ffef3740000 - 0x00007ffef379b000 	C:\WINDOWS\system32\sechost.dll
0x00007ffef3610000 - 0x00007ffef3736000 	C:\WINDOWS\system32\RPCRT4.dll
0x00007ffef3bd0000 - 0x00007ffef3d1e000 	C:\WINDOWS\system32\USER32.dll
0x00007ffef3e80000 - 0x00007ffef4005000 	C:\WINDOWS\system32\GDI32.dll
0x00007ffedff40000 - 0x00007ffee01b4000 	C:\WINDOWS\WinSxS\amd64_microsoft.windows.common-controls_6595b64144ccf1df_6.0.10240.17184_none_f41d7a705752bce6\COMCTL32.dll
0x00007ffef5dd0000 - 0x00007ffef5e06000 	C:\WINDOWS\system32\IMM32.DLL
0x00007ffef3d20000 - 0x00007ffef3e7c000 	C:\WINDOWS\system32\MSCTF.dll
0x0000000055180000 - 0x0000000055252000 	C:\Program Files\Java\jre1.8.0_66\bin\msvcr100.dll
0x0000000054580000 - 0x0000000054e09000 	C:\Program Files\Java\jre1.8.0_66\bin\server\jvm.dll
0x00007ffef37a0000 - 0x00007ffef37a8000 	C:\WINDOWS\system32\PSAPI.DLL
0x00007ffef07c0000 - 0x00007ffef07e3000 	C:\WINDOWS\SYSTEM32\WINMM.dll
0x00007ffee4c30000 - 0x00007ffee4c39000 	C:\WINDOWS\SYSTEM32\WSOCK32.dll
0x00007ffee49e0000 - 0x00007ffee49ea000 	C:\WINDOWS\SYSTEM32\VERSION.dll
0x00007ffef5e10000 - 0x00007ffef5e79000 	C:\WINDOWS\system32\WS2_32.dll
0x00007ffef0760000 - 0x00007ffef078c000 	C:\WINDOWS\SYSTEM32\WINMMBASE.dll
0x00007ffef3600000 - 0x00007ffef3608000 	C:\WINDOWS\system32\NSI.dll
0x00007ffef29e0000 - 0x00007ffef2a24000 	C:\WINDOWS\system32\cfgmgr32.dll
0x00007ffef2630000 - 0x00007ffef2657000 	C:\WINDOWS\SYSTEM32\DEVOBJ.dll
0x0000000054490000 - 0x000000005449f000 	C:\Program Files\Java\jre1.8.0_66\bin\verify.dll
0x0000000054460000 - 0x0000000054489000 	C:\Program Files\Java\jre1.8.0_66\bin\java.dll
0x0000000054440000 - 0x0000000054456000 	C:\Program Files\Java\jre1.8.0_66\bin\zip.dll
0x00007ffef42e0000 - 0x00007ffef5803000 	C:\WINDOWS\system32\SHELL32.dll
0x00007ffef2fb0000 - 0x00007ffef35d9000 	C:\WINDOWS\system32\windows.storage.dll
0x00007ffef5a70000 - 0x00007ffef5cec000 	C:\WINDOWS\system32\combase.dll
0x00007ffef5d60000 - 0x00007ffef5db1000 	C:\WINDOWS\system32\shlwapi.dll
0x00007ffef29d0000 - 0x00007ffef29df000 	C:\WINDOWS\system32\kernel.appcore.dll
0x00007ffef2c60000 - 0x00007ffef2d13000 	C:\WINDOWS\system32\shcore.dll
0x00007ffef2980000 - 0x00007ffef29ca000 	C:\WINDOWS\system32\powrprof.dll
0x00007ffef2940000 - 0x00007ffef2953000 	C:\WINDOWS\system32\profapi.dll

VM Arguments:
jvm_args: -Dfile.encoding=Cp1252 
java_command: org.eclipse.emf.mwe2.launch.runtime.Mwe2Launcher src/at/ac/tuwien/big/GenerateSimplejava.mwe2
java_class_path (initial): C:\Users\Robert\Documents\eclipseMars\eclipseEcore2ASP\virtualedit\at.ac.tuwien.big.simplejava\bin;C:\Users\Robert\Documents\eclipseMars\eclipseEcore2ASP\plugins\org.eclipse.xtext_2.10.0.v201605250459.jar;C:\Users\Robert\Documents\eclipseMars\eclipseEcore2ASP\plugins\org.eclipse.emf.ecore.xmi_2.11.1.v20160208-0816.jar;C:\Users\Robert\Documents\eclipseMars\eclipseEcore2ASP\plugins\org.eclipse.emf.ecore_2.11.2.v20160208-0816.jar;C:\Users\Robert\Documents\eclipseMars\eclipseEcore2ASP\plugins\org.eclipse.emf.common_2.11.1.v20160208-0816.jar;C:\Users\Robert\Documents\eclipseMars\eclipseEcore2ASP\plugins\org.antlr.runtime_3.2.0.v201101311130.jar;C:\Users\Robert\Documents\eclipseMars\eclipseEcore2ASP\plugins\com.google.inject_3.0.0.v201312141243.jar;C:\Users\Robert\Documents\eclipseMars\eclipseEcore2ASP\plugins\org.eclipse.emf.mwe.core_1.3.20.v201605261103.jar;C:\Users\Robert\Documents\eclipseMars\eclipseEcore2ASP\plugins\org.apache.commons.cli_1.2.0.v201404270220.jar;C:\Users\Robert\Documents\eclipseMars\eclipseEcore2ASP\plugins\org.eclipse.emf.mwe2.runtime_2.9.0.v201605261103.jar;C:\Users\Robert\Documents\eclipseMars\eclipseEcore2ASP\plugins\org.eclipse.emf.mwe.utils_1.3.20.v201605261103.jar;C:\Users\Robert\Documents\eclipseMars\eclipseEcore2ASP\plugins\org.eclipse.xtext.util_2.10.0.v201605250459.jar;C:\Users\Robert\Documents\eclipseMars\eclipseEcore2ASP\plugins\com.google.guava_15.0.0.v201403281430.jar;C:\Users\Robert\Documents\eclipseMars\eclipseEcore2ASP\plugins\javax.inject_1.0.0.v20091030.jar;C:\Users\Robert\Documents\eclipseMars\eclipseEcore2ASP\plugins\org.eclipse.xtext.xbase_2.10.0.v201605250459.jar;C:\Users\Robert\Documents\eclipseMars\eclipseEcore2ASP\plugins\org.eclipse.xtext.common.types_2.10.0.v201605250459.jar;C:\Users\Robert\Documents\eclipseMars\eclipseEcore2ASP\plugins\org.eclipse.xtend.lib_2.10.0.v201605250459.jar;C:\Users\Robert\Documents\eclipseMars\eclipseEcore2ASP\plugins\org.eclipse.xtext.xbase.lib_2.10.0.v201605250459.
Launcher Type: SUN_STANDARD

Environment Variables:
JAVA_HOME=C:\Program Files\java\jdk1.8.0_05
PATH=C:/Program Files/Java/jre1.8.0_66/bin/server;C:/Program Files/Java/jre1.8.0_66/bin;C:/Program Files/Java/jre1.8.0_66/lib/amd64;C:\Program Files (x86)\Intel\iCLS Client\;C:\Program Files\Intel\iCLS Client\;C:\Program Files\Haskell\bin;C:\Program Files\Haskell Platform\7.10.3\lib\extralibs\bin;C:\Program Files\Haskell Platform\7.10.3\bin;C:\Program Files\Microsoft MPI\Bin\;C:\Python34\;C:\Python34\Scripts;C:\ProgramData\Oracle\Java\javapath;C:\Windows\system32;C:\Windows;C:\Windows\System32\Wbem;C:\Windows\System32\WindowsPowerShell\v1.0\;C:\Program Files (x86)\MiKTeX 2.9\miktex\bin\;C:\Program Files\TortoiseGit\bin;C:\Users\Robert\Documents\OtherThings\WebEngineering\2\typesafe-activator-1.3.4-minimal\activator-1.3.4-minimal;C:\WINDOWS\system32;C:\WINDOWS;C:\WINDOWS\System32\Wbem;C:\WINDOWS\System32\WindowsPowerShell\v1.0\;C:\Program Files (x86)\WinMerge;C:\Program Files\TortoiseSVN\bin;C:\Program Files\OpenVPN\bin;C:\adb;C:\Program Files\Haskell Platform\7.10.3\mingw\bin;C:\Program Files (x86)\Intel\Intel(R) Management Engine Components\DAL;C:\Program Files\Intel\Intel(R) Management Engine Components\DAL;C:\Program Files (x86)\Intel\Intel(R) Management Engine Components\IPT;C:\Program Files\Intel\Intel(R) Management Engine Components\IPT;C:\Program Files\Intel\WiFi\bin\;C:\Program Files\Common Files\Intel\WirelessCommon\;C:\Program Files (x86)\Skype\Phone\;C:\Ruby21-x64\bin;C:\Users\Robert\AppData\Roaming\cabal\bin;C:\Program Files (x86)\Nmap;C:\Program Files\Intel\WiFi\bin\;C:\Program Files\Common Files\Intel\WirelessCommon\;C:\Users\Robert\Documents\eclipseMars\eclipseEcore2ASP;
USERNAME=Robert
OS=Windows_NT
PROCESSOR_IDENTIFIER=Intel64 Family 6 Model 69 Stepping 1, GenuineIntel



---------------  S Y S T E M  ---------------

OS: Windows 10.0 , 64 bit Build 10240 (10.0.10240.17113)

CPU:total 4 (2 cores per cpu, 2 threads per core) family 6 model 69 stepping 1, cmov, cx8, fxsr, mmx, sse, sse2, sse3, ssse3, sse4.1, sse4.2, popcnt, avx, avx2, aes, clmul, erms, lzcnt, ht, tsc, tscinvbit, bmi1, bmi2

Memory: 4k page, physical 12279524k(933596k free), swap 13328100k(5608k free)

vm_info: Java HotSpot(TM) 64-Bit Server VM (25.66-b17) for windows-amd64 JRE (1.8.0_66-b17), built on Oct  6 2015 18:55:33 by "java_re" with MS VC++ 10.0 (VS2010)

time: Wed Mar 08 12:09:21 2017
elapsed time: 8 seconds (0d 0h 0m 8s)

