#
# There is insufficient memory for the Java Runtime Environment to continue.
# Native memory allocation (malloc) failed to allocate 4088 bytes for AllocateHeap
# Possible reasons:
#   The system is out of physical RAM or swap space
#   In 32 bit mode, the process size limit was hit
# Possible solutions:
#   Reduce memory load on the system
#   Increase physical memory or swap space
#   Check if swap backing store is full
#   Use 64 bit Java on a 64 bit OS
#   Decrease Java heap size (-Xmx/-Xms)
#   Decrease number of Java threads
#   Decrease Java thread stack sizes (-Xss)
#   Set larger code cache with -XX:ReservedCodeCacheSize=
# This output file may be truncated or incomplete.
#
#  Out of Memory Error (memory/allocation.inline.hpp:61), pid=5756, tid=0x0000000000001750
#
# JRE version: Java(TM) SE Runtime Environment (8.0_131-b11) (build 1.8.0_131-b11)
# Java VM: Java HotSpot(TM) 64-Bit Server VM (25.131-b11 mixed mode windows-amd64 compressed oops)
# Failed to write core dump. Minidumps are not enabled by default on client versions of Windows
#

---------------  T H R E A D  ---------------

Current thread (0x0000000002ab8000):  GCTaskThread [stack: 0x0000000013460000,0x0000000013560000] [id=5968]

Stack: [0x0000000013460000,0x0000000013560000]
[error occurred during error reporting (printing stack bounds), id 0xc0000005]

Native frames: (J=compiled Java code, j=interpreted, Vv=VM code, C=native code)


---------------  P R O C E S S  ---------------

Java Threads: ( => current thread )
  0x0000000023d82000 JavaThread "NanoHttpd Main Listener" daemon [_thread_in_native, id=5348, stack(0x00000000246b0000,0x00000000247b0000)]
  0x0000000024386000 JavaThread "NanoHttpd Main Listener" daemon [_thread_in_native, id=8148, stack(0x00000000245b0000,0x00000000246b0000)]
  0x0000000022a0e800 JavaThread "Thread-0" [_thread_blocked, id=7496, stack(0x0000000022ce0000,0x0000000022de0000)]
  0x0000000022713800 JavaThread "Service Thread" daemon [_thread_blocked, id=8920, stack(0x0000000022ae0000,0x0000000022be0000)]
  0x0000000020da5000 JavaThread "C1 CompilerThread2" daemon [_thread_blocked, id=8320, stack(0x00000000225e0000,0x00000000226e0000)]
  0x0000000020d9a000 JavaThread "C2 CompilerThread1" daemon [_thread_blocked, id=4572, stack(0x00000000224e0000,0x00000000225e0000)]
  0x0000000020d92000 JavaThread "C2 CompilerThread0" daemon [_thread_blocked, id=9440, stack(0x00000000223e0000,0x00000000224e0000)]
  0x0000000020d90800 JavaThread "Attach Listener" daemon [_thread_blocked, id=260, stack(0x00000000222e0000,0x00000000223e0000)]
  0x0000000020d8f000 JavaThread "Signal Dispatcher" daemon [_thread_blocked, id=2692, stack(0x00000000221e0000,0x00000000222e0000)]
  0x0000000020d75800 JavaThread "Finalizer" daemon [_thread_blocked, id=1700, stack(0x0000000021fd0000,0x00000000220d0000)]
  0x0000000020d4a800 JavaThread "Reference Handler" daemon [_thread_blocked, id=2436, stack(0x0000000021ed0000,0x0000000021fd0000)]
  0x000000000298e000 JavaThread "main" [_thread_blocked, id=9696, stack(0x0000000002990000,0x0000000002a90000)]

Other Threads:
  0x0000000002b8d800 VMThread [stack: 0x0000000021dd0000,0x0000000021ed0000] [id=4344]
  0x00000000227bb800 WatcherThread [stack: 0x0000000022be0000,0x0000000022ce0000] [id=9568]

=>0x0000000002ab8000 (exited) GCTaskThread [stack: 0x0000000013460000,0x0000000013560000] [id=5968]

VM state:at safepoint (normal execution)

VM Mutex/Monitor currently owned by a thread:  ([mutex/lock_event])
[0x000000000298b2a0] Threads_lock - owner thread: 0x0000000002b8d800
[0x000000000298b220] Heap_lock - owner thread: 0x000000000298e000

Heap:
 PSYoungGen      total 1443328K, used 1256989K [0x0000000740000000, 0x00000007bd200000, 0x00000007c0000000)
  eden space 923648K, 100% used [0x0000000740000000,0x0000000778600000,0x0000000778600000)
  from space 519680K, 64% used [0x0000000778600000,0x000000078cb87660,0x0000000798180000)
  to   space 523264K, 99% used [0x000000079d300000,0x00000007bd1fcd00,0x00000007bd200000)
 ParOldGen       total 2994688K, used 2994686K [0x0000000640000000, 0x00000006f6c80000, 0x0000000740000000)
  object space 2994688K, 99% used [0x0000000640000000,0x00000006f6c7fbd8,0x00000006f6c80000)
 Metaspace       used 10558K, capacity 10936K, committed 11136K, reserved 1058816K
  class space    used 1165K, capacity 1284K, committed 1408K, reserved 1048576K

Card table byte_map: [0x0000000011f50000,0x0000000012b60000] byte_map_base: 0x000000000ed50000

Marking Bits: (ParMarkBitMap*) 0x000000006ff2c720
 Begin Bits: [0x0000000013760000, 0x0000000019760000)
 End Bits:   [0x0000000019760000, 0x000000001f760000)

Polling page: 0x0000000000fc0000

CodeCache: size=245760Kb used=6970Kb max_used=8827Kb free=238789Kb
 bounds [0x0000000002b90000, 0x00000000034c0000, 0x0000000011b90000]
 total_blobs=2151 nmethods=1809 adapters=254
 compilation: enabled

Compilation events (10 events):
Event: 152.858 Thread 0x0000000020da5000 2523       3       interparse.interparse.Page::multiply (20 bytes)
Event: 152.858 Thread 0x0000000020da5000 nmethod 2523 0x0000000003317d50 code [0x0000000003317f20, 0x0000000003318798]
Event: 152.858 Thread 0x0000000020da5000 2524       3       interparse.interparse.Page$$Lambda$36/703555670::get$Lambda (10 bytes)
Event: 152.859 Thread 0x0000000020da5000 nmethod 2524 0x0000000002da81d0 code [0x0000000002da8340, 0x0000000002da85b0]
Event: 152.875 Thread 0x0000000020d9a000 2525       4       java.util.HashMap::clear (50 bytes)
Event: 152.877 Thread 0x0000000020d9a000 nmethod 2525 0x000000000307c390 code [0x000000000307c4c0, 0x000000000307c618]
Event: 153.036 Thread 0x0000000020da5000 2526       3       interparse.interparse.Page::calcIDF (37 bytes)
Event: 153.037 Thread 0x0000000020da5000 nmethod 2526 0x00000000030ea410 code [0x00000000030ea6c0, 0x00000000030ebcf8]
Event: 154.739 Thread 0x0000000020da5000 2527       3       java.util.HashMap$TreeNode::balanceInsertion (245 bytes)
Event: 154.740 Thread 0x0000000020da5000 nmethod 2527 0x0000000002da7010 code [0x0000000002da7240, 0x0000000002da7c18]

GC Heap History (10 events):
Event: 144.360 GC heap after
Heap after GC invocations=80 (full 7):
 PSYoungGen      total 982016K, used 185131K [0x0000000740000000, 0x00000007bc000000, 0x00000007c0000000)
  eden space 796672K, 0% used [0x0000000740000000,0x0000000740000000,0x0000000770a00000)
  from space 185344K, 99% used [0x0000000770a00000,0x000000077becad10,0x000000077bf00000)
  to   space 609280K, 0% used [0x0000000796d00000,0x0000000796d00000,0x00000007bc000000)
 ParOldGen       total 2712064K, used 2348456K [0x0000000640000000, 0x00000006e5880000, 0x0000000740000000)
  object space 2712064K, 86% used [0x0000000640000000,0x00000006cf56a200,0x00000006e5880000)
 Metaspace       used 10522K, capacity 10888K, committed 11008K, reserved 1058816K
  class space    used 1160K, capacity 1276K, committed 1280K, reserved 1048576K
}
Event: 145.054 GC heap before
{Heap before GC invocations=81 (full 7):
 PSYoungGen      total 982016K, used 981803K [0x0000000740000000, 0x00000007bc000000, 0x00000007c0000000)
  eden space 796672K, 100% used [0x0000000740000000,0x0000000770a00000,0x0000000770a00000)
  from space 185344K, 99% used [0x0000000770a00000,0x000000077becad10,0x000000077bf00000)
  to   space 609280K, 0% used [0x0000000796d00000,0x0000000796d00000,0x00000007bc000000)
 ParOldGen       total 2712064K, used 2348456K [0x0000000640000000, 0x00000006e5880000, 0x0000000740000000)
  object space 2712064K, 86% used [0x0000000640000000,0x00000006cf56a200,0x00000006e5880000)
 Metaspace       used 10522K, capacity 10888K, committed 11008K, reserved 1058816K
  class space    used 1160K, capacity 1276K, committed 1280K, reserved 1048576K
Event: 145.301 GC heap after
Heap after GC invocations=81 (full 7):
 PSYoungGen      total 1451008K, used 217032K [0x0000000740000000, 0x00000007bc100000, 0x00000007c0000000)
  eden space 841728K, 0% used [0x0000000740000000,0x0000000740000000,0x0000000773600000)
  from space 609280K, 35% used [0x0000000796d00000,0x00000007a40f2078,0x00000007bc000000)
  to   space 580608K, 0% used [0x0000000773600000,0x0000000773600000,0x0000000796d00000)
 ParOldGen       total 2712064K, used 2348456K [0x0000000640000000, 0x00000006e5880000, 0x0000000740000000)
  object space 2712064K, 86% used [0x0000000640000000,0x00000006cf56a200,0x00000006e5880000)
 Metaspace       used 10522K, capacity 10888K, committed 11008K, reserved 1058816K
  class space    used 1160K, capacity 1276K, committed 1280K, reserved 1048576K
}
Event: 145.955 GC heap before
{Heap before GC invocations=82 (full 7):
 PSYoungGen      total 1451008K, used 1058760K [0x0000000740000000, 0x00000007bc100000, 0x00000007c0000000)
  eden space 841728K, 100% used [0x0000000740000000,0x0000000773600000,0x0000000773600000)
  from space 609280K, 35% used [0x0000000796d00000,0x00000007a40f2078,0x00000007bc000000)
  to   space 580608K, 0% used [0x0000000773600000,0x0000000773600000,0x0000000796d00000)
 ParOldGen       total 2712064K, used 2348456K [0x0000000640000000, 0x00000006e5880000, 0x0000000740000000)
  object space 2712064K, 86% used [0x0000000640000000,0x00000006cf56a200,0x00000006e5880000)
 Metaspace       used 10522K, capacity 10888K, committed 11008K, reserved 1058816K
  class space    used 1160K, capacity 1276K, committed 1280K, reserved 1048576K
Event: 146.237 GC heap after
Heap after GC invocations=82 (full 7):
 PSYoungGen      total 1422336K, used 247472K [0x0000000740000000, 0x00000007ba500000, 0x00000007c0000000)
  eden space 841728K, 0% used [0x0000000740000000,0x0000000740000000,0x0000000773600000)
  from space 580608K, 42% used [0x0000000773600000,0x00000007827ac1d0,0x0000000796d00000)
  to   space 548352K, 0% used [0x0000000798d80000,0x0000000798d80000,0x00000007ba500000)
 ParOldGen       total 2712064K, used 2348456K [0x0000000640000000, 0x00000006e5880000, 0x0000000740000000)
  object space 2712064K, 86% used [0x0000000640000000,0x00000006cf56a200,0x00000006e5880000)
 Metaspace       used 10522K, capacity 10888K, committed 11008K, reserved 1058816K
  class space    used 1160K, capacity 1276K, committed 1280K, reserved 1048576K
}
Event: 146.932 GC heap before
{Heap before GC invocations=83 (full 7):
 PSYoungGen      total 1422336K, used 1089200K [0x0000000740000000, 0x00000007ba500000, 0x00000007c0000000)
  eden space 841728K, 100% used [0x0000000740000000,0x0000000773600000,0x0000000773600000)
  from space 580608K, 42% used [0x0000000773600000,0x00000007827ac1d0,0x0000000796d00000)
  to   space 548352K, 0% used [0x0000000798d80000,0x0000000798d80000,0x00000007ba500000)
 ParOldGen       total 2712064K, used 2348456K [0x0000000640000000, 0x00000006e5880000, 0x0000000740000000)
  object space 2712064K, 86% used [0x0000000640000000,0x00000006cf56a200,0x00000006e5880000)
 Metaspace       used 10522K, capacity 10888K, committed 11008K, reserved 1058816K
  class space    used 1160K, capacity 1276K, committed 1280K, reserved 1048576K
Event: 147.244 GC heap after
Heap after GC invocations=83 (full 7):
 PSYoungGen      total 1431040K, used 254192K [0x0000000740000000, 0x00000007b7d00000, 0x00000007c0000000)
  eden space 923648K, 0% used [0x0000000740000000,0x0000000740000000,0x0000000778600000)
  from space 507392K, 50% used [0x0000000798d80000,0x00000007a85bc050,0x00000007b7d00000)
  to   space 519680K, 0% used [0x0000000778600000,0x0000000778600000,0x0000000798180000)
 ParOldGen       total 2712064K, used 2371498K [0x0000000640000000, 0x00000006e5880000, 0x0000000740000000)
  object space 2712064K, 87% used [0x0000000640000000,0x00000006d0bea8c0,0x00000006e5880000)
 Metaspace       used 10522K, capacity 10888K, committed 11008K, reserved 1058816K
  class space    used 1160K, capacity 1276K, committed 1280K, reserved 1048576K
}
Event: 153.128 GC heap before
{Heap before GC invocations=84 (full 7):
 PSYoungGen      total 1431040K, used 1177840K [0x0000000740000000, 0x00000007b7d00000, 0x00000007c0000000)
  eden space 923648K, 100% used [0x0000000740000000,0x0000000778600000,0x0000000778600000)
  from space 507392K, 50% used [0x0000000798d80000,0x00000007a85bc050,0x00000007b7d00000)
  to   space 519680K, 0% used [0x0000000778600000,0x0000000778600000,0x0000000798180000)
 ParOldGen       total 2712064K, used 2371498K [0x0000000640000000, 0x00000006e5880000, 0x0000000740000000)
  object space 2712064K, 87% used [0x0000000640000000,0x00000006d0bea8c0,0x00000006e5880000)
 Metaspace       used 10556K, capacity 10936K, committed 11136K, reserved 1058816K
  class space    used 1165K, capacity 1284K, committed 1408K, reserved 1048576K
Event: 153.523 GC heap after
Heap after GC invocations=84 (full 7):
 PSYoungGen      total 1443328K, used 333341K [0x0000000740000000, 0x00000007bd200000, 0x00000007c0000000)
  eden space 923648K, 0% used [0x0000000740000000,0x0000000740000000,0x0000000778600000)
  from space 519680K, 64% used [0x0000000778600000,0x000000078cb87660,0x0000000798180000)
  to   space 523264K, 0% used [0x000000079d300000,0x000000079d300000,0x00000007bd200000)
 ParOldGen       total 2712064K, used 2392489K [0x0000000640000000, 0x00000006e5880000, 0x0000000740000000)
  object space 2712064K, 88% used [0x0000000640000000,0x00000006d206a6d8,0x00000006e5880000)
 Metaspace       used 10556K, capacity 10936K, committed 11136K, reserved 1058816K
  class space    used 1165K, capacity 1284K, committed 1408K, reserved 1048576K
}
Event: 158.691 GC heap before
{Heap before GC invocations=85 (full 7):
 PSYoungGen      total 1443328K, used 1256989K [0x0000000740000000, 0x00000007bd200000, 0x00000007c0000000)
  eden space 923648K, 100% used [0x0000000740000000,0x0000000778600000,0x0000000778600000)
  from space 519680K, 64% used [0x0000000778600000,0x000000078cb87660,0x0000000798180000)
  to   space 523264K, 0% used [0x000000079d300000,0x000000079d300000,0x00000007bd200000)
 ParOldGen       total 2712064K, used 2392489K [0x0000000640000000, 0x00000006e5880000, 0x0000000740000000)
  object space 2712064K, 88% used [0x0000000640000000,0x00000006d206a6d8,0x00000006e5880000)
 Metaspace       used 10558K, capacity 10936K, committed 11136K, reserved 1058816K
  class space    used 1165K, capacity 1284K, committed 1408K, reserved 1048576K

Deoptimization events (10 events):
Event: 99.056 Thread 0x000000000298e000 Uncommon trap: reason=unstable_if action=reinterpret pc=0x0000000003266fcc method=interparse.interparse.GetPages.getRoot(Ljava/lang/String;)Ljava/lang/String; @ 12
Event: 99.057 Thread 0x000000000298e000 Uncommon trap: reason=unstable_if action=reinterpret pc=0x000000000326e9a8 method=interparse.interparse.GetPages.getRoot(Ljava/lang/String;)Ljava/lang/String; @ 12
Event: 101.834 Thread 0x000000000298e000 Uncommon trap: reason=unstable_if action=reinterpret pc=0x00000000033ba0b0 method=interparse.interparse.GetPages.getRoot(Ljava/lang/String;)Ljava/lang/String; @ 12
Event: 147.372 Thread 0x000000000298e000 Uncommon trap: reason=unstable_if action=reinterpret pc=0x000000000314ceb8 method=interparse.interparse.PageReaderManger.process()Z @ 32
Event: 147.374 Thread 0x000000000298e000 Uncommon trap: reason=predicate action=maybe_recompile pc=0x0000000002d00984 method=java.util.HashMap.forEach(Ljava/util/function/BiConsumer;)V @ 54
Event: 147.375 Thread 0x000000000298e000 Uncommon trap: reason=predicate action=maybe_recompile pc=0x0000000002c9c5b0 method=java.util.HashMap.forEach(Ljava/util/function/BiConsumer;)V @ 49
Event: 147.380 Thread 0x000000000298e000 Uncommon trap: reason=predicate action=maybe_recompile pc=0x00000000033ed2d8 method=java.util.HashMap.forEach(Ljava/util/function/BiConsumer;)V @ 54
Event: 147.382 Thread 0x000000000298e000 Uncommon trap: reason=unstable_if action=reinterpret pc=0x0000000002ea00b8 method=java.util.HashMap.merge(Ljava/lang/Object;Ljava/lang/Object;Ljava/util/function/BiFunction;)Ljava/lang/Object; @ 148
Event: 152.776 Thread 0x000000000298e000 Uncommon trap: reason=unstable_if action=reinterpret pc=0x00000000030964b0 method=java.util.HashMap.values()Ljava/util/Collection; @ 6
Event: 152.777 Thread 0x000000000298e000 Uncommon trap: reason=unstable_if action=reinterpret pc=0x0000000002e70e24 method=java.util.HashMap.getNode(ILjava/lang/Object;)Ljava/util/HashMap$Node; @ 62

Internal exceptions (10 events):
Event: 35.634 Thread 0x0000000022f0a000 Exception <a 'java/net/SocketTimeoutException': Read timed out> (0x000000074db35fc8) thrown at [C:\re\workspace\8-2-build-windows-amd64-cygwin\jdk8u131\8869\hotspot\src\share\vm\prims\jni.cpp, line 735]
Event: 45.936 Thread 0x000000002275e000 Exception <a 'java/net/SocketTimeoutException': Read timed out> (0x000000074217ef88) thrown at [C:\re\workspace\8-2-build-windows-amd64-cygwin\jdk8u131\8869\hotspot\src\share\vm\prims\jni.cpp, line 735]
Event: 45.936 Thread 0x000000002428c000 Exception <a 'java/net/SocketTimeoutException': Read timed out> (0x000000074271b228) thrown at [C:\re\workspace\8-2-build-windows-amd64-cygwin\jdk8u131\8869\hotspot\src\share\vm\prims\jni.cpp, line 735]
Event: 70.816 Thread 0x0000000022f0a000 Exception <a 'java/net/SocketTimeoutException': Read timed out> (0x000000074195d6c8) thrown at [C:\re\workspace\8-2-build-windows-amd64-cygwin\jdk8u131\8869\hotspot\src\share\vm\prims\jni.cpp, line 735]
Event: 70.816 Thread 0x0000000024860000 Exception <a 'java/net/SocketTimeoutException': Read timed out> (0x0000000741fc28c8) thrown at [C:\re\workspace\8-2-build-windows-amd64-cygwin\jdk8u131\8869\hotspot\src\share\vm\prims\jni.cpp, line 735]
Event: 77.704 Thread 0x000000000298e000 Implicit null exception at 0x00000000033e0df9 to 0x00000000033e2691
Event: 92.936 Thread 0x0000000024d72800 Exception <a 'java/net/SocketTimeoutException': Read timed out> (0x0000000740f78128) thrown at [C:\re\workspace\8-2-build-windows-amd64-cygwin\jdk8u131\8869\hotspot\src\share\vm\prims\jni.cpp, line 735]
Event: 92.936 Thread 0x0000000022f0a000 Exception <a 'java/net/SocketTimeoutException': Read timed out> (0x000000074135b470) thrown at [C:\re\workspace\8-2-build-windows-amd64-cygwin\jdk8u131\8869\hotspot\src\share\vm\prims\jni.cpp, line 735]
Event: 123.625 Thread 0x0000000024d72800 Exception <a 'java/net/SocketTimeoutException': Read timed out> (0x0000000740d9de38) thrown at [C:\re\workspace\8-2-build-windows-amd64-cygwin\jdk8u131\8869\hotspot\src\share\vm\prims\jni.cpp, line 735]
Event: 123.625 Thread 0x0000000022f0a000 Exception <a 'java/net/SocketTimeoutException': Read timed out> (0x0000000741108220) thrown at [C:\re\workspace\8-2-build-windows-amd64-cygwin\jdk8u131\8869\hotspot\src\share\vm\prims\jni.cpp, line 735]

Events (10 events):
Event: 147.886 Thread 0x000000000298e000 DEOPT UNPACKING pc=0x0000000002bd787f sp=0x0000000002a8ed00 mode 0
Event: 152.776 Thread 0x000000000298e000 Uncommon trap: trap_request=0xffffff65 fr.pc=0x00000000030964b0
Event: 152.776 Thread 0x000000000298e000 DEOPT PACKING pc=0x00000000030964b0 sp=0x0000000002a8f060
Event: 152.776 Thread 0x000000000298e000 DEOPT UNPACKING pc=0x0000000002bd582a sp=0x0000000002a8f000 mode 2
Event: 152.777 Thread 0x000000000298e000 Uncommon trap: trap_request=0xffffff65 fr.pc=0x0000000002e70e24
Event: 152.777 Thread 0x000000000298e000 DEOPT PACKING pc=0x0000000002e70e24 sp=0x0000000002a8ed60
Event: 152.777 Thread 0x000000000298e000 DEOPT UNPACKING pc=0x0000000002bd582a sp=0x0000000002a8ecf0 mode 2
Event: 153.128 Executing VM operation: ParallelGCFailedAllocation
Event: 153.523 Executing VM operation: ParallelGCFailedAllocation done
Event: 158.690 Executing VM operation: ParallelGCFailedAllocation


Dynamic libraries:
0x00007ff705ff0000 - 0x00007ff706027000 	C:\Program Files\Java\jdk1.8.0_131\bin\javaw.exe
0x00007ff98f460000 - 0x00007ff98f622000 	C:\WINDOWS\SYSTEM32\ntdll.dll
0x00007ff98cb20000 - 0x00007ff98cbcd000 	C:\WINDOWS\system32\KERNEL32.DLL
0x00007ff98c310000 - 0x00007ff98c4ed000 	C:\WINDOWS\system32\KERNELBASE.dll
0x00007ff98d7b0000 - 0x00007ff98d856000 	C:\WINDOWS\system32\ADVAPI32.dll
0x00007ff98d8a0000 - 0x00007ff98d93d000 	C:\WINDOWS\system32\msvcrt.dll
0x00007ff98cfa0000 - 0x00007ff98cffb000 	C:\WINDOWS\system32\sechost.dll
0x00007ff98d350000 - 0x00007ff98d476000 	C:\WINDOWS\system32\RPCRT4.dll
0x00007ff98d650000 - 0x00007ff98d79e000 	C:\WINDOWS\system32\USER32.dll
0x00007ff98cce0000 - 0x00007ff98ce64000 	C:\WINDOWS\system32\GDI32.dll
0x00007ff97e040000 - 0x00007ff97e2b4000 	C:\WINDOWS\WinSxS\amd64_microsoft.windows.common-controls_6595b64144ccf1df_6.0.10240.17184_none_f41d7a705752bce6\COMCTL32.dll
0x00007ff98d860000 - 0x00007ff98d896000 	C:\WINDOWS\system32\IMM32.DLL
0x00007ff98d4f0000 - 0x00007ff98d64c000 	C:\WINDOWS\system32\MSCTF.dll
0x0000000070430000 - 0x0000000070502000 	C:\Program Files\Java\jdk1.8.0_131\jre\bin\msvcr100.dll
0x000000006f710000 - 0x000000006ffac000 	C:\Program Files\Java\jdk1.8.0_131\jre\bin\server\jvm.dll
0x00007ff98d7a0000 - 0x00007ff98d7a8000 	C:\WINDOWS\system32\PSAPI.DLL
0x00007ff97ec60000 - 0x00007ff97ec6a000 	C:\WINDOWS\SYSTEM32\VERSION.dll
0x00007ff989e00000 - 0x00007ff989e23000 	C:\WINDOWS\SYSTEM32\WINMM.dll
0x00007ff97ed30000 - 0x00007ff97ed39000 	C:\WINDOWS\SYSTEM32\WSOCK32.dll
0x00007ff989dd0000 - 0x00007ff989dfc000 	C:\WINDOWS\SYSTEM32\WINMMBASE.dll
0x00007ff98d480000 - 0x00007ff98d4e9000 	C:\WINDOWS\system32\WS2_32.dll
0x00007ff98f280000 - 0x00007ff98f288000 	C:\WINDOWS\system32\NSI.dll
0x00007ff98c200000 - 0x00007ff98c244000 	C:\WINDOWS\system32\cfgmgr32.dll
0x00007ff98bbb0000 - 0x00007ff98bbd7000 	C:\WINDOWS\SYSTEM32\DEVOBJ.dll
0x000000006f620000 - 0x000000006f62f000 	C:\Program Files\Java\jdk1.8.0_131\jre\bin\verify.dll
0x000000006f5f0000 - 0x000000006f619000 	C:\Program Files\Java\jdk1.8.0_131\jre\bin\java.dll
0x000000006f5d0000 - 0x000000006f5e6000 	C:\Program Files\Java\jdk1.8.0_131\jre\bin\zip.dll
0x00007ff98dba0000 - 0x00007ff98f0c3000 	C:\WINDOWS\system32\SHELL32.dll
0x00007ff98c4f0000 - 0x00007ff98cb19000 	C:\WINDOWS\system32\windows.storage.dll
0x00007ff98d0d0000 - 0x00007ff98d34c000 	C:\WINDOWS\system32\combase.dll
0x00007ff98cc80000 - 0x00007ff98ccd1000 	C:\WINDOWS\system32\shlwapi.dll
0x00007ff98bec0000 - 0x00007ff98becf000 	C:\WINDOWS\system32\kernel.appcore.dll
0x00007ff98c250000 - 0x00007ff98c303000 	C:\WINDOWS\system32\shcore.dll
0x00007ff98bed0000 - 0x00007ff98bf1a000 	C:\WINDOWS\system32\powrprof.dll
0x00007ff98bea0000 - 0x00007ff98beb3000 	C:\WINDOWS\system32\profapi.dll
0x000000006f5b0000 - 0x000000006f5ca000 	C:\Program Files\Java\jdk1.8.0_131\jre\bin\net.dll
0x00007ff98b3e0000 - 0x00007ff98b43d000 	C:\WINDOWS\system32\mswsock.dll
0x000000006f590000 - 0x000000006f5a1000 	C:\Program Files\Java\jdk1.8.0_131\jre\bin\nio.dll

VM Arguments:
jvm_args: -Xmx6G -Dfile.encoding=UTF-8 
java_command: interparse.interparse.PageReaderManger
java_class_path (initial): C:\Users\Robert\Documents\eclipse-modeling-neon-2-win32-x86_64\eclipse\workspacePatrickMaven\interparse\target\classes;C:\Users\Robert\Documents\AME\ECSS\ecss-framework\create-grammar\target\classes;C:\Users\Robert\Documents\AME\ECSS\ecss-framework\create-grammar\target\test-classes;C:\Users\Robert\Documents\AME\ECSS\ecss-framework\helper\target\classes;C:\Users\Robert\Documents\AME\ECSS\ecss-framework\helper\target\test-classes;C:\Users\Robert\.m2\repository\org\eclipse\emf\org.eclipse.emf.codegen.ecore\2.12.0\org.eclipse.emf.codegen.ecore-2.12.0.jar;C:\Users\Robert\.m2\repository\org\eclipse\emf\org.eclipse.emf.ecore\2.12.0\org.eclipse.emf.ecore-2.12.0.jar;C:\Users\Robert\.m2\repository\org\eclipse\xtext\org.eclipse.xtext.generator\2.12.0\org.eclipse.xtext.generator-2.12.0.jar;C:\Users\Robert\.m2\repository\org\eclipse\xtext\org.eclipse.xtext.ecore\2.12.0\org.eclipse.xtext.ecore-2.12.0.jar;C:\Users\Robert\.m2\repository\org\eclipse\xtext\org.eclipse.xtext\2.12.0\org.eclipse.xtext-2.12.0.jar;C:\Users\Robert\.m2\repository\org\eclipse\xtext\org.eclipse.xtext.util\2.12.0\org.eclipse.xtext.util-2.12.0.jar;C:\Users\Robert\.m2\repository\org\eclipse\xtend\org.eclipse.xtend.lib\2.12.0\org.eclipse.xtend.lib-2.12.0.jar;C:\Users\Robert\.m2\repository\org\eclipse\xtext\org.eclipse.xtext.xbase.lib\2.12.0\org.eclipse.xtext.xbase.lib-2.12.0.jar;C:\Users\Robert\.m2\repository\com\google\guava\guava\19.0-rc3\guava-19.0-rc3.jar;C:\Users\Robert\.m2\repository\org\eclipse\xtend\org.eclipse.xtend.lib.macro\2.12.0\org.eclipse.xtend.lib.macro-2.12.0.jar;C:\Users\Robert\.m2\repository\log4j\log4j\1.2.16\log4j-1.2.16.jar;C:\Users\Robert\.m2\repository\org\eclipse\platform\org.eclipse.equinox.common\3.8.0\org.eclipse.equinox.common-3.8.0.jar;C:\Users\Robert\.m2\repository\org\eclipse\platform\org.eclipse.osgi\3.11.2\org.eclipse.osgi-3.11.2.jar;C:\Users\Robert\.m2\repository\org\eclipse\emf\org.eclipse.emf.common\2.12.0\org.eclipse.emf.common-2.12.0.jar;C:\User
Launcher Type: SUN_STANDARD

Environment Variables:
JAVA_HOME=C:\Program Files\Java\jdk1.8.0_131
USERNAME=Robert
OS=Windows_NT
PROCESSOR_IDENTIFIER=Intel64 Family 6 Model 69 Stepping 1, GenuineIntel



---------------  S Y S T E M  ---------------

OS: Windows 10.0 , 64 bit Build 10240 (10.0.10240.17113)

CPU:total 4 (initial active 4) (2 cores per cpu, 2 threads per core) family 6 model 69 stepping 1, cmov, cx8, fxsr, mmx, sse, sse2, sse3, ssse3, sse4.1, sse4.2, popcnt, avx, avx2, aes, clmul, erms, lzcnt, ht, tsc, tscinvbit, bmi1, bmi2

Memory: 4k page, physical 12279524k(723392k free), swap 13328100k(3516k free)

vm_info: Java HotSpot(TM) 64-Bit Server VM (25.131-b11) for windows-amd64 JRE (1.8.0_131-b11), built on Mar 15 2017 01:23:53 by "java_re" with MS VC++ 10.0 (VS2010)

time: Tue Jun 05 08:52:56 2018
elapsed time: 160 seconds (0d 0h 2m 40s)

