#
# There is insufficient memory for the Java Runtime Environment to continue.
# Native memory allocation (malloc) failed to allocate 4088 bytes for AllocateHeap
# Possible reasons:
#   The system is out of physical RAM or swap space
#   In 32 bit mode, the process size limit was hit
# Possible solutions:
#   Reduce memory load on the system
#   Increase physical memory or swap space
#   Check if swap backing store is full
#   Use 64 bit Java on a 64 bit OS
#   Decrease Java heap size (-Xmx/-Xms)
#   Decrease number of Java threads
#   Decrease Java thread stack sizes (-Xss)
#   Set larger code cache with -XX:ReservedCodeCacheSize=
# This output file may be truncated or incomplete.
#
#  Out of Memory Error (memory/allocation.inline.hpp:61), pid=6376, tid=0x0000000000001818
#
# JRE version: Java(TM) SE Runtime Environment (8.0_131-b11) (build 1.8.0_131-b11)
# Java VM: Java HotSpot(TM) 64-Bit Server VM (25.131-b11 mixed mode windows-amd64 compressed oops)
# Failed to write core dump. Minidumps are not enabled by default on client versions of Windows
#

---------------  T H R E A D  ---------------

Current thread (0x000000000217c000):  GCTaskThread [stack: 0x00000000122e0000,0x00000000123e0000] [id=6168]

Stack: [0x00000000122e0000,0x00000000123e0000]
[error occurred during error reporting (printing stack bounds), id 0xc0000005]

Native frames: (J=compiled Java code, j=interpreted, Vv=VM code, C=native code)


---------------  P R O C E S S  ---------------

Java Threads: ( => current thread )
  0x000000001b237000 JavaThread "Service Thread" daemon [_thread_blocked, id=3940, stack(0x000000001b5c0000,0x000000001b6c0000)]
  0x0000000019166000 JavaThread "C1 CompilerThread2" daemon [_thread_blocked, id=11660, stack(0x000000001b0c0000,0x000000001b1c0000)]
  0x0000000019165000 JavaThread "C2 CompilerThread1" daemon [_thread_blocked, id=9748, stack(0x000000001afc0000,0x000000001b0c0000)]
  0x0000000019163000 JavaThread "C2 CompilerThread0" daemon [_thread_blocked, id=1548, stack(0x000000001aec0000,0x000000001afc0000)]
  0x0000000019140800 JavaThread "JDWP Command Reader" daemon [_thread_in_native, id=9040, stack(0x000000001adc0000,0x000000001aec0000)]
  0x000000001913c000 JavaThread "JDWP Event Helper Thread" daemon [_thread_blocked, id=12000, stack(0x000000001acc0000,0x000000001adc0000)]
  0x0000000019139800 JavaThread "JDWP Transport Listener: dt_socket" daemon [_thread_blocked, id=5272, stack(0x000000001abc0000,0x000000001acc0000)]
  0x000000001911f800 JavaThread "Attach Listener" daemon [_thread_blocked, id=11988, stack(0x000000001a680000,0x000000001a780000)]
  0x000000001911e800 JavaThread "Signal Dispatcher" daemon [_thread_blocked, id=12220, stack(0x000000001a580000,0x000000001a680000)]
  0x0000000019106000 JavaThread "Finalizer" daemon [_thread_blocked, id=4008, stack(0x000000001a370000,0x000000001a470000)]
  0x00000000190da800 JavaThread "Reference Handler" daemon [_thread_blocked, id=3336, stack(0x000000001a270000,0x000000001a370000)]
  0x0000000002163000 JavaThread "main" [_thread_blocked, id=8684, stack(0x0000000002050000,0x0000000002150000)]

Other Threads:
  0x000000000224e800 VMThread [stack: 0x000000001a170000,0x000000001a270000] [id=6448]
  0x000000001b2ed800 WatcherThread [stack: 0x000000001b6c0000,0x000000001b7c0000] [id=2260]

=>0x000000000217c000 (exited) GCTaskThread [stack: 0x00000000122e0000,0x00000000123e0000] [id=6168]

VM state:at safepoint (normal execution)

VM Mutex/Monitor currently owned by a thread:  ([mutex/lock_event])
[0x000000000204c420] Threads_lock - owner thread: 0x000000000224e800
[0x000000000204c120] Heap_lock - owner thread: 0x0000000002163000

Heap:
 PSYoungGen      total 463360K, used 156592K [0x0000000781900000, 0x00000007b3900000, 0x00000007c0000000)
  eden space 122368K, 100% used [0x0000000781900000,0x0000000789080000,0x0000000789080000)
  from space 340992K, 10% used [0x0000000789080000,0x000000078b1ec3f0,0x000000079dd80000)
  to   space 340992K, 14% used [0x000000079ec00000,0x00000007a1ae23d0,0x00000007b3900000)
 ParOldGen       total 2046976K, used 1747672K [0x0000000704a00000, 0x0000000781900000, 0x0000000781900000)
  object space 2046976K, 85% used [0x0000000704a00000,0x000000076f4b63c0,0x0000000781900000)
 Metaspace       used 5101K, capacity 5236K, committed 5504K, reserved 1056768K
  class space    used 542K, capacity 614K, committed 640K, reserved 1048576K

Card table byte_map: [0x0000000011610000,0x0000000011bf0000] byte_map_base: 0x000000000ddeb000

Marking Bits: (ParMarkBitMap*) 0x00000000544ec720
 Begin Bits: [0x00000000123e0000, 0x00000000152b8000)
 End Bits:   [0x00000000152b8000, 0x0000000018190000)

Polling page: 0x0000000000680000

CodeCache: size=245760Kb used=3202Kb max_used=3213Kb free=242557Kb
 bounds [0x0000000002250000, 0x0000000002580000, 0x0000000011250000]
 total_blobs=975 nmethods=713 adapters=183
 compilation: enabled

Compilation events (10 events):
Event: 39.582 Thread 0x0000000019163000  709   !   4       sun.reflect.GeneratedSerializationConstructorAccessor9::newInstance (49 bytes)
Event: 39.584 Thread 0x0000000019163000 nmethod 709 0x0000000002568e90 code [0x0000000002569000, 0x0000000002569148]
Event: 40.713 Thread 0x0000000019165000  710       4       java.io.Bits::getFloat (9 bytes)
Event: 40.714 Thread 0x0000000019165000 nmethod 710 0x0000000002568b10 code [0x0000000002568c40, 0x0000000002568d58]
Event: 65.700 Thread 0x0000000019163000  711       4       java.lang.Math::max (46 bytes)
Event: 65.701 Thread 0x0000000019163000 nmethod 711 0x0000000002563590 code [0x0000000002563700, 0x00000000025637f8]
Event: 79.491 Thread 0x0000000019165000  712       4       java.lang.Math::min (46 bytes)
Event: 79.491 Thread 0x0000000019165000 nmethod 712 0x0000000002563250 code [0x00000000025633c0, 0x00000000025634b8]
Event: 100.162 Thread 0x0000000019163000  713       4       java.util.HashMap::tableSizeFor (59 bytes)
Event: 100.162 Thread 0x0000000019163000 nmethod 713 0x00000000025692d0 code [0x0000000002569400, 0x00000000025694b8]

GC Heap History (10 events):
Event: 204.530 GC heap after
Heap after GC invocations=37 (full 8):
 PSYoungGen      total 463360K, used 156203K [0x0000000781900000, 0x00000007b3900000, 0x00000007c0000000)
  eden space 122368K, 99% used [0x0000000781900000,0x000000078901e828,0x0000000789080000)
  from space 340992K, 10% used [0x0000000789080000,0x000000078b1ec3f0,0x000000079dd80000)
  to   space 340992K, 0% used [0x000000079ec00000,0x000000079ec00000,0x00000007b3900000)
 ParOldGen       total 1727488K, used 1727311K [0x0000000704a00000, 0x000000076e100000, 0x0000000781900000)
  object space 1727488K, 99% used [0x0000000704a00000,0x000000076e0d3d50,0x000000076e100000)
 Metaspace       used 5101K, capacity 5236K, committed 5504K, reserved 1056768K
  class space    used 542K, capacity 614K, committed 640K, reserved 1048576K
}
Event: 204.560 GC heap before
{Heap before GC invocations=38 (full 9):
 PSYoungGen      total 463360K, used 156592K [0x0000000781900000, 0x00000007b3900000, 0x00000007c0000000)
  eden space 122368K, 100% used [0x0000000781900000,0x0000000789080000,0x0000000789080000)
  from space 340992K, 10% used [0x0000000789080000,0x000000078b1ec3f0,0x000000079dd80000)
  to   space 340992K, 0% used [0x000000079ec00000,0x000000079ec00000,0x00000007b3900000)
 ParOldGen       total 1727488K, used 1727311K [0x0000000704a00000, 0x000000076e100000, 0x0000000781900000)
  object space 1727488K, 99% used [0x0000000704a00000,0x000000076e0d3d50,0x000000076e100000)
 Metaspace       used 5101K, capacity 5236K, committed 5504K, reserved 1056768K
  class space    used 542K, capacity 614K, committed 640K, reserved 1048576K
Event: 210.907 GC heap after
Heap after GC invocations=38 (full 9):
 PSYoungGen      total 463360K, used 156477K [0x0000000781900000, 0x00000007b3900000, 0x00000007c0000000)
  eden space 122368K, 99% used [0x0000000781900000,0x0000000789063230,0x0000000789080000)
  from space 340992K, 10% used [0x0000000789080000,0x000000078b1ec3f0,0x000000079dd80000)
  to   space 340992K, 0% used [0x000000079ec00000,0x000000079ec00000,0x00000007b3900000)
 ParOldGen       total 1727488K, used 1727311K [0x0000000704a00000, 0x000000076e100000, 0x0000000781900000)
  object space 1727488K, 99% used [0x0000000704a00000,0x000000076e0d3d50,0x000000076e100000)
 Metaspace       used 5101K, capacity 5236K, committed 5504K, reserved 1056768K
  class space    used 542K, capacity 614K, committed 640K, reserved 1048576K
}
Event: 210.914 GC heap before
{Heap before GC invocations=39 (full 10):
 PSYoungGen      total 463360K, used 156592K [0x0000000781900000, 0x00000007b3900000, 0x00000007c0000000)
  eden space 122368K, 100% used [0x0000000781900000,0x0000000789080000,0x0000000789080000)
  from space 340992K, 10% used [0x0000000789080000,0x000000078b1ec3f0,0x000000079dd80000)
  to   space 340992K, 0% used [0x000000079ec00000,0x000000079ec00000,0x00000007b3900000)
 ParOldGen       total 1727488K, used 1727311K [0x0000000704a00000, 0x000000076e100000, 0x0000000781900000)
  object space 1727488K, 99% used [0x0000000704a00000,0x000000076e0d3d50,0x000000076e100000)
 Metaspace       used 5101K, capacity 5236K, committed 5504K, reserved 1056768K
  class space    used 542K, capacity 614K, committed 640K, reserved 1048576K
Event: 216.499 GC heap after
Heap after GC invocations=39 (full 10):
 PSYoungGen      total 463360K, used 156555K [0x0000000781900000, 0x00000007b3900000, 0x00000007c0000000)
  eden space 122368K, 99% used [0x0000000781900000,0x0000000789076a18,0x0000000789080000)
  from space 340992K, 10% used [0x0000000789080000,0x000000078b1ec3f0,0x000000079dd80000)
  to   space 340992K, 0% used [0x000000079ec00000,0x000000079ec00000,0x00000007b3900000)
 ParOldGen       total 1727488K, used 1727311K [0x0000000704a00000, 0x000000076e100000, 0x0000000781900000)
  object space 1727488K, 99% used [0x0000000704a00000,0x000000076e0d3d50,0x000000076e100000)
 Metaspace       used 5101K, capacity 5236K, committed 5504K, reserved 1056768K
  class space    used 542K, capacity 614K, committed 640K, reserved 1048576K
}
Event: 216.503 GC heap before
{Heap before GC invocations=40 (full 11):
 PSYoungGen      total 463360K, used 156592K [0x0000000781900000, 0x00000007b3900000, 0x00000007c0000000)
  eden space 122368K, 100% used [0x0000000781900000,0x0000000789080000,0x0000000789080000)
  from space 340992K, 10% used [0x0000000789080000,0x000000078b1ec3f0,0x000000079dd80000)
  to   space 340992K, 0% used [0x000000079ec00000,0x000000079ec00000,0x00000007b3900000)
 ParOldGen       total 1727488K, used 1727311K [0x0000000704a00000, 0x000000076e100000, 0x0000000781900000)
  object space 1727488K, 99% used [0x0000000704a00000,0x000000076e0d3d50,0x000000076e100000)
 Metaspace       used 5101K, capacity 5236K, committed 5504K, reserved 1056768K
  class space    used 542K, capacity 614K, committed 640K, reserved 1048576K
Event: 222.103 GC heap after
Heap after GC invocations=40 (full 11):
 PSYoungGen      total 463360K, used 156581K [0x0000000781900000, 0x00000007b3900000, 0x00000007c0000000)
  eden space 122368K, 99% used [0x0000000781900000,0x000000078907d300,0x0000000789080000)
  from space 340992K, 10% used [0x0000000789080000,0x000000078b1ec3f0,0x000000079dd80000)
  to   space 340992K, 0% used [0x000000079ec00000,0x000000079ec00000,0x00000007b3900000)
 ParOldGen       total 1727488K, used 1727311K [0x0000000704a00000, 0x000000076e100000, 0x0000000781900000)
  object space 1727488K, 99% used [0x0000000704a00000,0x000000076e0d3d50,0x000000076e100000)
 Metaspace       used 5101K, capacity 5236K, committed 5504K, reserved 1056768K
  class space    used 542K, capacity 614K, committed 640K, reserved 1048576K
}
Event: 222.106 GC heap before
{Heap before GC invocations=41 (full 12):
 PSYoungGen      total 463360K, used 156592K [0x0000000781900000, 0x00000007b3900000, 0x00000007c0000000)
  eden space 122368K, 100% used [0x0000000781900000,0x0000000789080000,0x0000000789080000)
  from space 340992K, 10% used [0x0000000789080000,0x000000078b1ec3f0,0x000000079dd80000)
  to   space 340992K, 0% used [0x000000079ec00000,0x000000079ec00000,0x00000007b3900000)
 ParOldGen       total 1727488K, used 1727311K [0x0000000704a00000, 0x000000076e100000, 0x0000000781900000)
  object space 1727488K, 99% used [0x0000000704a00000,0x000000076e0d3d50,0x000000076e100000)
 Metaspace       used 5101K, capacity 5236K, committed 5504K, reserved 1056768K
  class space    used 542K, capacity 614K, committed 640K, reserved 1048576K
Event: 227.851 GC heap after
Heap after GC invocations=41 (full 12):
 PSYoungGen      total 463360K, used 156589K [0x0000000781900000, 0x00000007b3900000, 0x00000007c0000000)
  eden space 122368K, 99% used [0x0000000781900000,0x000000078907f280,0x0000000789080000)
  from space 340992K, 10% used [0x0000000789080000,0x000000078b1ec3f0,0x000000079dd80000)
  to   space 340992K, 0% used [0x000000079ec00000,0x000000079ec00000,0x00000007b3900000)
 ParOldGen       total 2046976K, used 1727311K [0x0000000704a00000, 0x0000000781900000, 0x0000000781900000)
  object space 2046976K, 84% used [0x0000000704a00000,0x000000076e0d3d50,0x0000000781900000)
 Metaspace       used 5101K, capacity 5236K, committed 5504K, reserved 1056768K
  class space    used 542K, capacity 614K, committed 640K, reserved 1048576K
}
Event: 227.852 GC heap before
{Heap before GC invocations=42 (full 12):
 PSYoungGen      total 463360K, used 156592K [0x0000000781900000, 0x00000007b3900000, 0x00000007c0000000)
  eden space 122368K, 100% used [0x0000000781900000,0x0000000789080000,0x0000000789080000)
  from space 340992K, 10% used [0x0000000789080000,0x000000078b1ec3f0,0x000000079dd80000)
  to   space 340992K, 0% used [0x000000079ec00000,0x000000079ec00000,0x00000007b3900000)
 ParOldGen       total 2046976K, used 1727311K [0x0000000704a00000, 0x0000000781900000, 0x0000000781900000)
  object space 2046976K, 84% used [0x0000000704a00000,0x000000076e0d3d50,0x0000000781900000)
 Metaspace       used 5101K, capacity 5236K, committed 5504K, reserved 1056768K
  class space    used 542K, capacity 614K, committed 640K, reserved 1048576K

Deoptimization events (10 events):
Event: 2.756 Thread 0x0000000002163000 Uncommon trap: reason=unstable_if action=reinterpret pc=0x000000000243ebcc method=java.util.jar.JarFile.match([C[B[I[I)Z @ 29
Event: 3.393 Thread 0x0000000002163000 Uncommon trap: reason=unstable_if action=reinterpret pc=0x00000000024301ac method=java.lang.Math.min(JJ)J @ 3
Event: 3.393 Thread 0x0000000002163000 Uncommon trap: reason=unstable_if action=reinterpret pc=0x0000000002418650 method=java.io.ObjectInputStream$BlockDataInputStream.readUTFSpan(Ljava/lang/StringBuilder;J)J @ 35
Event: 3.394 Thread 0x0000000002163000 Uncommon trap: reason=uninitialized action=reinterpret pc=0x000000000241120c method=java.io.ObjectInputStream$HandleTable.markDependency(II)V @ 110
Event: 3.395 Thread 0x0000000002163000 Uncommon trap: reason=unstable_if action=reinterpret pc=0x000000000241a198 method=java.io.ObjectInputStream$HandleTable.finish(I)V @ 4
Event: 3.395 Thread 0x0000000002163000 Uncommon trap: reason=uninitialized action=reinterpret pc=0x0000000002416f14 method=java.io.ObjectInputStream$HandleTable.markDependency(II)V @ 110
Event: 3.402 Thread 0x0000000002163000 Uncommon trap: reason=unstable_if action=reinterpret pc=0x00000000024157d0 method=java.util.HashMap.putVal(ILjava/lang/Object;Ljava/lang/Object;ZZ)Ljava/lang/Object; @ 181
Event: 3.592 Thread 0x0000000002163000 Uncommon trap: reason=uninitialized action=reinterpret pc=0x0000000002416f14 method=java.io.ObjectInputStream$HandleTable.markDependency(II)V @ 110
Event: 3.664 Thread 0x0000000002163000 Uncommon trap: reason=unstable_if action=reinterpret pc=0x0000000002521d60 method=java.io.ObjectInputStream$BlockDataInputStream.readUTFBody(J)Ljava/lang/String; @ 53
Event: 3.690 Thread 0x0000000002163000 Uncommon trap: reason=unstable_if action=reinterpret pc=0x0000000002518b5c method=java.io.ObjectInputStream.defaultReadFields(Ljava/lang/Object;Ljava/io/ObjectStreamClass;)V @ 127

Internal exceptions (10 events):
Event: 3.302 Thread 0x0000000002163000 Exception <a 'java/security/PrivilegedActionException'> (0x0000000782e6db08) thrown at [C:\re\workspace\8-2-build-windows-amd64-cygwin\jdk8u131\8869\hotspot\src\share\vm\prims\jvm.cpp, line 1390]
Event: 3.343 Thread 0x0000000002163000 Exception <a 'java/security/PrivilegedActionException'> (0x0000000782e9bed0) thrown at [C:\re\workspace\8-2-build-windows-amd64-cygwin\jdk8u131\8869\hotspot\src\share\vm\prims\jvm.cpp, line 1390]
Event: 3.343 Thread 0x0000000002163000 Exception <a 'java/security/PrivilegedActionException'> (0x0000000782e9c2c8) thrown at [C:\re\workspace\8-2-build-windows-amd64-cygwin\jdk8u131\8869\hotspot\src\share\vm\prims\jvm.cpp, line 1390]
Event: 3.343 Thread 0x0000000002163000 Exception <a 'java/security/PrivilegedActionException'> (0x0000000782e9d7e0) thrown at [C:\re\workspace\8-2-build-windows-amd64-cygwin\jdk8u131\8869\hotspot\src\share\vm\prims\jvm.cpp, line 1390]
Event: 3.343 Thread 0x0000000002163000 Exception <a 'java/security/PrivilegedActionException'> (0x0000000782e9dbd8) thrown at [C:\re\workspace\8-2-build-windows-amd64-cygwin\jdk8u131\8869\hotspot\src\share\vm\prims\jvm.cpp, line 1390]
Event: 3.343 Thread 0x0000000002163000 Exception <a 'java/security/PrivilegedActionException'> (0x0000000782e9f090) thrown at [C:\re\workspace\8-2-build-windows-amd64-cygwin\jdk8u131\8869\hotspot\src\share\vm\prims\jvm.cpp, line 1390]
Event: 3.343 Thread 0x0000000002163000 Exception <a 'java/security/PrivilegedActionException'> (0x0000000782e9f488) thrown at [C:\re\workspace\8-2-build-windows-amd64-cygwin\jdk8u131\8869\hotspot\src\share\vm\prims\jvm.cpp, line 1390]
Event: 3.343 Thread 0x0000000002163000 Exception <a 'java/security/PrivilegedActionException'> (0x0000000782ea0940) thrown at [C:\re\workspace\8-2-build-windows-amd64-cygwin\jdk8u131\8869\hotspot\src\share\vm\prims\jvm.cpp, line 1390]
Event: 3.343 Thread 0x0000000002163000 Exception <a 'java/security/PrivilegedActionException'> (0x0000000782ea0d38) thrown at [C:\re\workspace\8-2-build-windows-amd64-cygwin\jdk8u131\8869\hotspot\src\share\vm\prims\jvm.cpp, line 1390]
Event: 3.383 Thread 0x0000000002163000 Exception <a 'java/lang/NoSuchMethodError': <clinit>> (0x0000000782f98118) thrown at [C:\re\workspace\8-2-build-windows-amd64-cygwin\jdk8u131\8869\hotspot\src\share\vm\prims\jni.cpp, line 1613]

Events (10 events):
Event: 204.530 Executing VM operation: ParallelGCFailedAllocation done
Event: 204.560 Executing VM operation: ParallelGCFailedAllocation
Event: 210.907 Executing VM operation: ParallelGCFailedAllocation done
Event: 210.914 Executing VM operation: ParallelGCFailedAllocation
Event: 216.499 Executing VM operation: ParallelGCFailedAllocation done
Event: 216.503 Executing VM operation: ParallelGCFailedAllocation
Event: 222.103 Executing VM operation: ParallelGCFailedAllocation done
Event: 222.106 Executing VM operation: ParallelGCFailedAllocation
Event: 227.851 Executing VM operation: ParallelGCFailedAllocation done
Event: 227.852 Executing VM operation: ParallelGCFailedAllocation


Dynamic libraries:
0x00007ff6bfc60000 - 0x00007ff6bfc97000 	C:\Program Files\Java\jdk1.8.0_131\bin\javaw.exe
0x00007ffba0500000 - 0x00007ffba06c2000 	C:\WINDOWS\SYSTEM32\ntdll.dll
0x00007ffba02a0000 - 0x00007ffba034d000 	C:\WINDOWS\system32\KERNEL32.DLL
0x00007ffb9d3b0000 - 0x00007ffb9d58d000 	C:\WINDOWS\system32\KERNELBASE.dll
0x00007ffb9dbc0000 - 0x00007ffb9dc66000 	C:\WINDOWS\system32\ADVAPI32.dll
0x00007ffba01a0000 - 0x00007ffba023d000 	C:\WINDOWS\system32\msvcrt.dll
0x00007ffba0240000 - 0x00007ffba029b000 	C:\WINDOWS\system32\sechost.dll
0x00007ffb9e3e0000 - 0x00007ffb9e506000 	C:\WINDOWS\system32\RPCRT4.dll
0x00007ffb9fab0000 - 0x00007ffb9fbfe000 	C:\WINDOWS\system32\USER32.dll
0x00007ffba0010000 - 0x00007ffba0194000 	C:\WINDOWS\system32\GDI32.dll
0x00007ffb8f140000 - 0x00007ffb8f3b4000 	C:\WINDOWS\WinSxS\amd64_microsoft.windows.common-controls_6595b64144ccf1df_6.0.10240.17184_none_f41d7a705752bce6\COMCTL32.dll
0x00007ffba03b0000 - 0x00007ffba03e6000 	C:\WINDOWS\system32\IMM32.DLL
0x00007ffb9feb0000 - 0x00007ffba000c000 	C:\WINDOWS\system32\MSCTF.dll
0x0000000054870000 - 0x0000000054942000 	C:\Program Files\Java\jdk1.8.0_131\jre\bin\msvcr100.dll
0x0000000053cd0000 - 0x000000005456c000 	C:\Program Files\Java\jdk1.8.0_131\jre\bin\server\jvm.dll
0x00007ffb9de40000 - 0x00007ffb9de48000 	C:\WINDOWS\system32\PSAPI.DLL
0x00007ffb90220000 - 0x00007ffb90229000 	C:\WINDOWS\SYSTEM32\WSOCK32.dll
0x00007ffb9e220000 - 0x00007ffb9e289000 	C:\WINDOWS\system32\WS2_32.dll
0x00007ffb9e130000 - 0x00007ffb9e138000 	C:\WINDOWS\system32\NSI.dll
0x00007ffb9ad70000 - 0x00007ffb9ad93000 	C:\WINDOWS\SYSTEM32\WINMM.dll
0x00007ffb90210000 - 0x00007ffb9021a000 	C:\WINDOWS\SYSTEM32\VERSION.dll
0x00007ffb9ad40000 - 0x00007ffb9ad6c000 	C:\WINDOWS\SYSTEM32\WINMMBASE.dll
0x00007ffb9cfc0000 - 0x00007ffb9d004000 	C:\WINDOWS\system32\cfgmgr32.dll
0x00007ffb9cc50000 - 0x00007ffb9cc77000 	C:\WINDOWS\SYSTEM32\DEVOBJ.dll
0x0000000054a20000 - 0x0000000054a2f000 	C:\Program Files\Java\jdk1.8.0_131\jre\bin\verify.dll
0x00000000549f0000 - 0x0000000054a19000 	C:\Program Files\Java\jdk1.8.0_131\jre\bin\java.dll
0x0000000054830000 - 0x0000000054865000 	C:\Program Files\Java\jdk1.8.0_131\jre\bin\jdwp.dll
0x0000000054820000 - 0x0000000054828000 	C:\Program Files\Java\jdk1.8.0_131\jre\bin\npt.dll
0x00000000549d0000 - 0x00000000549e6000 	C:\Program Files\Java\jdk1.8.0_131\jre\bin\zip.dll
0x00007ffb9e580000 - 0x00007ffb9faa3000 	C:\WINDOWS\system32\SHELL32.dll
0x00007ffb9d590000 - 0x00007ffb9dbb9000 	C:\WINDOWS\system32\windows.storage.dll
0x00007ffb9fc00000 - 0x00007ffb9fe7c000 	C:\WINDOWS\system32\combase.dll
0x00007ffba0350000 - 0x00007ffba03a1000 	C:\WINDOWS\system32\shlwapi.dll
0x00007ffb9cfb0000 - 0x00007ffb9cfbf000 	C:\WINDOWS\system32\kernel.appcore.dll
0x00007ffb9d290000 - 0x00007ffb9d343000 	C:\WINDOWS\system32\shcore.dll
0x00007ffb9cf60000 - 0x00007ffb9cfaa000 	C:\WINDOWS\system32\powrprof.dll
0x00007ffb9cf40000 - 0x00007ffb9cf53000 	C:\WINDOWS\system32\profapi.dll
0x0000000054810000 - 0x0000000054819000 	C:\Program Files\Java\jdk1.8.0_131\jre\bin\dt_socket.dll
0x00007ffb93830000 - 0x00007ffb93845000 	C:\WINDOWS\system32\napinsp.dll
0x00007ffb93810000 - 0x00007ffb9382a000 	C:\WINDOWS\system32\pnrpnsp.dll
0x00007ffb98230000 - 0x00007ffb98248000 	C:\WINDOWS\system32\NLAapi.dll
0x00007ffb9c480000 - 0x00007ffb9c4dd000 	C:\WINDOWS\System32\mswsock.dll
0x00007ffb9c280000 - 0x00007ffb9c328000 	C:\WINDOWS\SYSTEM32\DNSAPI.dll
0x00007ffb93850000 - 0x00007ffb9385d000 	C:\WINDOWS\System32\winrnr.dll
0x00007ffb93860000 - 0x00007ffb93875000 	C:\WINDOWS\system32\wshbth.dll
0x00007ffb95d20000 - 0x00007ffb95d88000 	C:\WINDOWS\System32\fwpuclnt.dll
0x00007ffb9cc20000 - 0x00007ffb9cc48000 	C:\WINDOWS\SYSTEM32\bcrypt.dll
0x00007ffb93880000 - 0x00007ffb9388a000 	C:\Windows\System32\rasadhlp.dll

VM Arguments:
jvm_args: -agentlib:jdwp=transport=dt_socket,suspend=y,address=localhost:22214 -Dfile.encoding=UTF-8 
java_command: interparse.interparse.PageReaderManger
java_class_path (initial): C:\Users\Robert\Documents\eclipse-modeling-neon-2-win32-x86_64\eclipse\workspacePatrickMaven\interparse\target\classes;C:\Users\Robert\Documents\AME\ECSS\ecss-framework\create-grammar\target\classes;C:\Users\Robert\Documents\AME\ECSS\ecss-framework\create-grammar\target\test-classes;C:\Users\Robert\Documents\AME\ECSS\ecss-framework\helper\target\classes;C:\Users\Robert\Documents\AME\ECSS\ecss-framework\helper\target\test-classes;C:\Users\Robert\.m2\repository\org\eclipse\emf\org.eclipse.emf.codegen.ecore\2.12.0\org.eclipse.emf.codegen.ecore-2.12.0.jar;C:\Users\Robert\.m2\repository\org\eclipse\emf\org.eclipse.emf.ecore\2.12.0\org.eclipse.emf.ecore-2.12.0.jar;C:\Users\Robert\.m2\repository\org\eclipse\xtext\org.eclipse.xtext.generator\2.12.0\org.eclipse.xtext.generator-2.12.0.jar;C:\Users\Robert\.m2\repository\org\eclipse\xtext\org.eclipse.xtext.ecore\2.12.0\org.eclipse.xtext.ecore-2.12.0.jar;C:\Users\Robert\.m2\repository\org\eclipse\xtext\org.eclipse.xtext\2.12.0\org.eclipse.xtext-2.12.0.jar;C:\Users\Robert\.m2\repository\org\eclipse\xtext\org.eclipse.xtext.util\2.12.0\org.eclipse.xtext.util-2.12.0.jar;C:\Users\Robert\.m2\repository\org\eclipse\xtend\org.eclipse.xtend.lib\2.12.0\org.eclipse.xtend.lib-2.12.0.jar;C:\Users\Robert\.m2\repository\org\eclipse\xtext\org.eclipse.xtext.xbase.lib\2.12.0\org.eclipse.xtext.xbase.lib-2.12.0.jar;C:\Users\Robert\.m2\repository\com\google\guava\guava\19.0-rc3\guava-19.0-rc3.jar;C:\Users\Robert\.m2\repository\org\eclipse\xtend\org.eclipse.xtend.lib.macro\2.12.0\org.eclipse.xtend.lib.macro-2.12.0.jar;C:\Users\Robert\.m2\repository\log4j\log4j\1.2.16\log4j-1.2.16.jar;C:\Users\Robert\.m2\repository\org\eclipse\platform\org.eclipse.equinox.common\3.8.0\org.eclipse.equinox.common-3.8.0.jar;C:\Users\Robert\.m2\repository\org\eclipse\platform\org.eclipse.osgi\3.11.2\org.eclipse.osgi-3.11.2.jar;C:\Users\Robert\.m2\repository\org\eclipse\emf\org.eclipse.emf.common\2.12.0\org.eclipse.emf.common-2.12.0.jar;C:\User
Launcher Type: SUN_STANDARD

Environment Variables:
JAVA_HOME=C:\Program Files\Java\jdk1.8.0_131
USERNAME=Robert
OS=Windows_NT
PROCESSOR_IDENTIFIER=Intel64 Family 6 Model 69 Stepping 1, GenuineIntel



---------------  S Y S T E M  ---------------

OS: Windows 10.0 , 64 bit Build 10240 (10.0.10240.17113)

CPU:total 4 (initial active 4) (2 cores per cpu, 2 threads per core) family 6 model 69 stepping 1, cmov, cx8, fxsr, mmx, sse, sse2, sse3, ssse3, sse4.1, sse4.2, popcnt, avx, avx2, aes, clmul, erms, lzcnt, ht, tsc, tscinvbit, bmi1, bmi2

Memory: 4k page, physical 12279524k(1322172k free), swap 13328100k(4260k free)

vm_info: Java HotSpot(TM) 64-Bit Server VM (25.131-b11) for windows-amd64 JRE (1.8.0_131-b11), built on Mar 15 2017 01:23:53 by "java_re" with MS VC++ 10.0 (VS2010)

time: Sun Jun 03 09:13:08 2018
elapsed time: 228 seconds (0d 0h 3m 48s)

