#
# There is insufficient memory for the Java Runtime Environment to continue.
# Native memory allocation (malloc) failed to allocate 1363376 bytes for Chunk::new
# Possible reasons:
#   The system is out of physical RAM or swap space
#   In 32 bit mode, the process size limit was hit
# Possible solutions:
#   Reduce memory load on the system
#   Increase physical memory or swap space
#   Check if swap backing store is full
#   Use 64 bit Java on a 64 bit OS
#   Decrease Java heap size (-Xmx/-Xms)
#   Decrease number of Java threads
#   Decrease Java thread stack sizes (-Xss)
#   Set larger code cache with -XX:ReservedCodeCacheSize=
# This output file may be truncated or incomplete.
#
#  Out of Memory Error (allocation.cpp:390), pid=9852, tid=0x00000000000020b0
#
# JRE version: Java(TM) SE Runtime Environment (8.0_131-b11) (build 1.8.0_131-b11)
# Java VM: Java HotSpot(TM) 64-Bit Server VM (25.131-b11 mixed mode windows-amd64 compressed oops)
# Failed to write core dump. Minidumps are not enabled by default on client versions of Windows
#

---------------  T H R E A D  ---------------

Current thread (0x0000000019e34000):  JavaThread "C2 CompilerThread0" daemon [_thread_in_native, id=8368, stack(0x000000001b570000,0x000000001b670000)]

Stack: [0x000000001b570000,0x000000001b670000]
[error occurred during error reporting (printing stack bounds), id 0xc0000005]

Native frames: (J=compiled Java code, j=interpreted, Vv=VM code, C=native code)


Current CompileTask:
C2:   7704 3276       4       java.io.WinNTFileSystem::normalize (143 bytes)


---------------  P R O C E S S  ---------------

Java Threads: ( => current thread )
  0x000000001d9d5000 JavaThread "com.google.inject.internal.util.$Finalizer" daemon [_thread_blocked, id=2352, stack(0x000000001e910000,0x000000001ea10000)]
  0x000000001c40c000 JavaThread "EMF Reference Cleaner" daemon [_thread_blocked, id=1932, stack(0x000000001e610000,0x000000001e710000)]
  0x0000000019e5e000 JavaThread "Service Thread" daemon [_thread_blocked, id=9404, stack(0x000000001bc70000,0x000000001bd70000)]
  0x000000001b778800 JavaThread "C1 CompilerThread2" daemon [_thread_blocked, id=13064, stack(0x000000001bb70000,0x000000001bc70000)]
  0x0000000019e3c800 JavaThread "C2 CompilerThread1" daemon [_thread_blocked, id=10812, stack(0x000000001b670000,0x000000001b770000)]
=>0x0000000019e34000 JavaThread "C2 CompilerThread0" daemon [_thread_in_native, id=8368, stack(0x000000001b570000,0x000000001b670000)]
  0x0000000019e1a800 JavaThread "Attach Listener" daemon [_thread_blocked, id=6728, stack(0x000000001b470000,0x000000001b570000)]
  0x0000000019e19800 JavaThread "Signal Dispatcher" daemon [_thread_blocked, id=7184, stack(0x000000001b370000,0x000000001b470000)]
  0x0000000019e04800 JavaThread "Finalizer" daemon [_thread_blocked, id=5332, stack(0x000000001b060000,0x000000001b160000)]
  0x0000000019dd9000 JavaThread "Reference Handler" daemon [_thread_blocked, id=9664, stack(0x000000001af60000,0x000000001b060000)]
  0x0000000002d3a000 JavaThread "main" [_thread_in_native, id=12144, stack(0x0000000002e40000,0x0000000002f40000)]

Other Threads:
  0x0000000019dd2800 VMThread [stack: 0x000000001ae60000,0x000000001af60000] [id=9728]
  0x000000001b83c800 WatcherThread [stack: 0x000000001bd70000,0x000000001be70000] [id=17876]

VM state:not at safepoint (normal execution)

VM Mutex/Monitor currently owned by a thread: None

Heap:
 PSYoungGen      total 223744K, used 70260K [0x0000000781900000, 0x000000079cb00000, 0x00000007c0000000)
  eden space 194560K, 36% used [0x0000000781900000,0x0000000785d9d0d8,0x000000078d700000)
  from space 29184K, 0% used [0x000000078d700000,0x000000078d700000,0x000000078f380000)
  to   space 27648K, 0% used [0x000000079b000000,0x000000079b000000,0x000000079cb00000)
 ParOldGen       total 120832K, used 27141K [0x0000000704a00000, 0x000000070c000000, 0x0000000781900000)
  object space 120832K, 22% used [0x0000000704a00000,0x00000007064815a0,0x000000070c000000)
 Metaspace       used 22328K, capacity 22702K, committed 23040K, reserved 1069056K
  class space    used 2956K, capacity 3035K, committed 3072K, reserved 1048576K

Card table byte_map: [0x0000000012300000,0x00000000128e0000] byte_map_base: 0x000000000eadb000

Marking Bits: (ParMarkBitMap*) 0x000000006478c720
 Begin Bits: [0x00000000130d0000, 0x0000000015fa8000)
 End Bits:   [0x0000000015fa8000, 0x0000000018e80000)

Polling page: 0x0000000002ba0000

CodeCache: size=245760Kb used=10791Kb max_used=10791Kb free=234969Kb
 bounds [0x0000000002f40000, 0x00000000039e0000, 0x0000000011f40000]
 total_blobs=3657 nmethods=3262 adapters=305
 compilation: enabled

Compilation events (10 events):
Event: 7.637 Thread 0x000000001b778800 3304       3       com.sun.org.apache.xerces.internal.impl.XMLEntityScanner::scanChar (236 bytes)
Event: 7.637 Thread 0x000000001b778800 nmethod 3304 0x00000000039cae50 code [0x00000000039cb000, 0x00000000039cb6d8]
Event: 7.638 Thread 0x000000001b778800 3305       3       com.sun.org.apache.xerces.internal.impl.XMLEntityScanner::checkNodeCount (22 bytes)
Event: 7.638 Thread 0x000000001b778800 nmethod 3305 0x00000000039c9d10 code [0x00000000039c9e80, 0x00000000039ca0a8]
Event: 7.639 Thread 0x000000001b778800 3306       3       com.sun.org.apache.xerces.internal.dom.DeferredDocumentImpl::clearChunkIndex (57 bytes)
Event: 7.639 Thread 0x000000001b778800 nmethod 3306 0x00000000039ca650 code [0x00000000039ca7e0, 0x00000000039cabf0]
Event: 7.642 Thread 0x000000001b778800 3307       3       com.sun.org.apache.xerces.internal.dom.DeferredDocumentImpl::clearChunkValue (69 bytes)
Event: 7.642 Thread 0x000000001b778800 nmethod 3307 0x00000000039c8710 code [0x00000000039c88c0, 0x00000000039c9010]
Event: 7.643 Thread 0x000000001b778800 3308       3       org.eclipse.emf.common.util.URI$URIPool$FileAccessUnit::setValue (687 bytes)
Event: 7.646 Thread 0x000000001b778800 nmethod 3308 0x00000000039ce950 code [0x00000000039cec40, 0x00000000039d0808]

GC Heap History (10 events):
Event: 3.049 GC heap before
{Heap before GC invocations=4 (full 0):
 PSYoungGen      total 56320K, used 56304K [0x0000000781900000, 0x0000000788700000, 0x00000007c0000000)
  eden space 48640K, 100% used [0x0000000781900000,0x0000000784880000,0x0000000784880000)
  from space 7680K, 99% used [0x0000000784880000,0x0000000784ffc388,0x0000000785000000)
  to   space 7680K, 0% used [0x0000000787f80000,0x0000000787f80000,0x0000000788700000)
 ParOldGen       total 128512K, used 11590K [0x0000000704a00000, 0x000000070c780000, 0x0000000781900000)
  object space 128512K, 9% used [0x0000000704a00000,0x0000000705551a28,0x000000070c780000)
 Metaspace       used 13983K, capacity 14110K, committed 14464K, reserved 1062912K
  class space    used 1813K, capacity 1855K, committed 1920K, reserved 1048576K
Event: 3.072 GC heap after
Heap after GC invocations=4 (full 0):
 PSYoungGen      total 104960K, used 7664K [0x0000000781900000, 0x0000000788700000, 0x00000007c0000000)
  eden space 97280K, 0% used [0x0000000781900000,0x0000000781900000,0x0000000787800000)
  from space 7680K, 99% used [0x0000000787f80000,0x00000007886fc090,0x0000000788700000)
  to   space 7680K, 0% used [0x0000000787800000,0x0000000787800000,0x0000000787f80000)
 ParOldGen       total 128512K, used 18895K [0x0000000704a00000, 0x000000070c780000, 0x0000000781900000)
  object space 128512K, 14% used [0x0000000704a00000,0x0000000705c73eb0,0x000000070c780000)
 Metaspace       used 13983K, capacity 14110K, committed 14464K, reserved 1062912K
  class space    used 1813K, capacity 1855K, committed 1920K, reserved 1048576K
}
Event: 3.806 GC heap before
{Heap before GC invocations=5 (full 0):
 PSYoungGen      total 104960K, used 104944K [0x0000000781900000, 0x0000000788700000, 0x00000007c0000000)
  eden space 97280K, 100% used [0x0000000781900000,0x0000000787800000,0x0000000787800000)
  from space 7680K, 99% used [0x0000000787f80000,0x00000007886fc090,0x0000000788700000)
  to   space 7680K, 0% used [0x0000000787800000,0x0000000787800000,0x0000000787f80000)
 ParOldGen       total 128512K, used 18895K [0x0000000704a00000, 0x000000070c780000, 0x0000000781900000)
  object space 128512K, 14% used [0x0000000704a00000,0x0000000705c73eb0,0x000000070c780000)
 Metaspace       used 13990K, capacity 14110K, committed 14464K, reserved 1062912K
  class space    used 1813K, capacity 1855K, committed 1920K, reserved 1048576K
Event: 3.851 GC heap after
Heap after GC invocations=5 (full 0):
 PSYoungGen      total 104960K, used 7648K [0x0000000781900000, 0x0000000791300000, 0x00000007c0000000)
  eden space 97280K, 0% used [0x0000000781900000,0x0000000781900000,0x0000000787800000)
  from space 7680K, 99% used [0x0000000787800000,0x0000000787f78150,0x0000000787f80000)
  to   space 30720K, 0% used [0x000000078f500000,0x000000078f500000,0x0000000791300000)
 ParOldGen       total 128512K, used 44119K [0x0000000704a00000, 0x000000070c780000, 0x0000000781900000)
  object space 128512K, 34% used [0x0000000704a00000,0x0000000707515ee8,0x000000070c780000)
 Metaspace       used 13990K, capacity 14110K, committed 14464K, reserved 1062912K
  class space    used 1813K, capacity 1855K, committed 1920K, reserved 1048576K
}
Event: 4.815 GC heap before
{Heap before GC invocations=6 (full 0):
 PSYoungGen      total 104960K, used 104928K [0x0000000781900000, 0x0000000791300000, 0x00000007c0000000)
  eden space 97280K, 100% used [0x0000000781900000,0x0000000787800000,0x0000000787800000)
  from space 7680K, 99% used [0x0000000787800000,0x0000000787f78150,0x0000000787f80000)
  to   space 30720K, 0% used [0x000000078f500000,0x000000078f500000,0x0000000791300000)
 ParOldGen       total 128512K, used 44119K [0x0000000704a00000, 0x000000070c780000, 0x0000000781900000)
  object space 128512K, 34% used [0x0000000704a00000,0x0000000707515ee8,0x000000070c780000)
 Metaspace       used 16418K, capacity 16646K, committed 16896K, reserved 1064960K
  class space    used 2209K, capacity 2267K, committed 2304K, reserved 1048576K
Event: 4.876 GC heap after
Heap after GC invocations=6 (full 0):
 PSYoungGen      total 222208K, used 14310K [0x0000000781900000, 0x0000000791000000, 0x00000007c0000000)
  eden space 194560K, 0% used [0x0000000781900000,0x0000000781900000,0x000000078d700000)
  from space 27648K, 51% used [0x000000078f500000,0x00000007902f98c8,0x0000000791000000)
  to   space 29184K, 0% used [0x000000078d700000,0x000000078d700000,0x000000078f380000)
 ParOldGen       total 128512K, used 44119K [0x0000000704a00000, 0x000000070c780000, 0x0000000781900000)
  object space 128512K, 34% used [0x0000000704a00000,0x0000000707515ee8,0x000000070c780000)
 Metaspace       used 16418K, capacity 16646K, committed 16896K, reserved 1064960K
  class space    used 2209K, capacity 2267K, committed 2304K, reserved 1048576K
}
Event: 6.321 GC heap before
{Heap before GC invocations=7 (full 0):
 PSYoungGen      total 222208K, used 106740K [0x0000000781900000, 0x0000000791000000, 0x00000007c0000000)
  eden space 194560K, 47% used [0x0000000781900000,0x0000000787343a50,0x000000078d700000)
  from space 27648K, 51% used [0x000000078f500000,0x00000007902f98c8,0x0000000791000000)
  to   space 29184K, 0% used [0x000000078d700000,0x000000078d700000,0x000000078f380000)
 ParOldGen       total 128512K, used 44119K [0x0000000704a00000, 0x000000070c780000, 0x0000000781900000)
  object space 128512K, 34% used [0x0000000704a00000,0x0000000707515ee8,0x000000070c780000)
 Metaspace       used 20878K, capacity 21170K, committed 21296K, reserved 1067008K
  class space    used 2789K, capacity 2895K, committed 2944K, reserved 1048576K
Event: 6.361 GC heap after
Heap after GC invocations=7 (full 0):
 PSYoungGen      total 223744K, used 14556K [0x0000000781900000, 0x000000079cb00000, 0x00000007c0000000)
  eden space 194560K, 0% used [0x0000000781900000,0x0000000781900000,0x000000078d700000)
  from space 29184K, 49% used [0x000000078d700000,0x000000078e537198,0x000000078f380000)
  to   space 27648K, 0% used [0x000000079b000000,0x000000079b000000,0x000000079cb00000)
 ParOldGen       total 128512K, used 48070K [0x0000000704a00000, 0x000000070c780000, 0x0000000781900000)
  object space 128512K, 37% used [0x0000000704a00000,0x00000007078f1a58,0x000000070c780000)
 Metaspace       used 20878K, capacity 21170K, committed 21296K, reserved 1067008K
  class space    used 2789K, capacity 2895K, committed 2944K, reserved 1048576K
}
Event: 6.361 GC heap before
{Heap before GC invocations=8 (full 1):
 PSYoungGen      total 223744K, used 14556K [0x0000000781900000, 0x000000079cb00000, 0x00000007c0000000)
  eden space 194560K, 0% used [0x0000000781900000,0x0000000781900000,0x000000078d700000)
  from space 29184K, 49% used [0x000000078d700000,0x000000078e537198,0x000000078f380000)
  to   space 27648K, 0% used [0x000000079b000000,0x000000079b000000,0x000000079cb00000)
 ParOldGen       total 128512K, used 48070K [0x0000000704a00000, 0x000000070c780000, 0x0000000781900000)
  object space 128512K, 37% used [0x0000000704a00000,0x00000007078f1a58,0x000000070c780000)
 Metaspace       used 20878K, capacity 21170K, committed 21296K, reserved 1067008K
  class space    used 2789K, capacity 2895K, committed 2944K, reserved 1048576K
Event: 6.625 GC heap after
Heap after GC invocations=8 (full 1):
 PSYoungGen      total 223744K, used 0K [0x0000000781900000, 0x000000079cb00000, 0x00000007c0000000)
  eden space 194560K, 0% used [0x0000000781900000,0x0000000781900000,0x000000078d700000)
  from space 29184K, 0% used [0x000000078d700000,0x000000078d700000,0x000000078f380000)
  to   space 27648K, 0% used [0x000000079b000000,0x000000079b000000,0x000000079cb00000)
 ParOldGen       total 120832K, used 27141K [0x0000000704a00000, 0x000000070c000000, 0x0000000781900000)
  object space 120832K, 22% used [0x0000000704a00000,0x00000007064815a0,0x000000070c000000)
 Metaspace       used 20878K, capacity 21170K, committed 21296K, reserved 1067008K
  class space    used 2789K, capacity 2895K, committed 2944K, reserved 1048576K
}

Deoptimization events (10 events):
Event: 5.212 Thread 0x0000000002d3a000 Uncommon trap: reason=array_check action=maybe_recompile pc=0x00000000037d991c method=org.eclipse.emf.common.util.BasicEList.assign(ILjava/lang/Object;)Ljava/lang/Object; @ 6
Event: 6.640 Thread 0x0000000002d3a000 Uncommon trap: reason=unstable_if action=reinterpret pc=0x00000000032e9198 method=java.lang.ThreadLocal$ThreadLocalMap.getEntry(Ljava/lang/ThreadLocal;)Ljava/lang/ThreadLocal$ThreadLocalMap$Entry; @ 29
Event: 6.711 Thread 0x0000000002d3a000 Uncommon trap: reason=unstable_if action=reinterpret pc=0x00000000032e748c method=java.lang.ThreadLocal$ThreadLocalMap.getEntry(Ljava/lang/ThreadLocal;)Ljava/lang/ThreadLocal$ThreadLocalMap$Entry; @ 29
Event: 6.711 Thread 0x0000000002d3a000 Uncommon trap: reason=unstable_if action=reinterpret pc=0x00000000031a7dac method=java.lang.ThreadLocal$ThreadLocalMap.getEntry(Ljava/lang/ThreadLocal;)Ljava/lang/ThreadLocal$ThreadLocalMap$Entry; @ 29
Event: 6.750 Thread 0x0000000002d3a000 Uncommon trap: reason=class_check action=maybe_recompile pc=0x0000000003930a34 method=java.util.regex.Matcher.search(I)Z @ 86
Event: 6.750 Thread 0x0000000002d3a000 Uncommon trap: reason=class_check action=maybe_recompile pc=0x0000000003930a34 method=java.util.regex.Matcher.search(I)Z @ 86
Event: 6.823 Thread 0x0000000002d3a000 Uncommon trap: reason=unstable_if action=reinterpret pc=0x000000000356ead0 method=java.io.WinNTFileSystem.normalize(Ljava/lang/String;)Ljava/lang/String; @ 128
Event: 6.839 Thread 0x0000000002d3a000 Uncommon trap: reason=unstable_if action=reinterpret pc=0x00000000031a94f0 method=java.io.WinNTFileSystem.normalize(Ljava/lang/String;)Ljava/lang/String; @ 128
Event: 7.465 Thread 0x0000000002d3a000 Uncommon trap: reason=unstable_if action=reinterpret pc=0x000000000398d72c method=java.net.URI$Parser.scan(IIJJ)I @ 39
Event: 7.499 Thread 0x0000000002d3a000 Uncommon trap: reason=unstable_if action=reinterpret pc=0x00000000031fdb64 method=java.lang.StringCoding$StringDecoder.decode([BII)[C @ 20

Internal exceptions (10 events):
Event: 2.508 Thread 0x0000000002d3a000 Implicit null exception at 0x00000000033be2d5 to 0x00000000033be4fd
Event: 2.515 Thread 0x0000000002d3a000 Implicit null exception at 0x000000000318af6f to 0x000000000318afd9
Event: 3.085 Thread 0x000000001c40c000 Implicit null exception at 0x00000000035142b0 to 0x0000000003514379
Event: 3.098 Thread 0x000000001c40c000 Implicit null exception at 0x000000000352907f to 0x00000000035293e9
Event: 4.192 Thread 0x0000000002d3a000 Implicit null exception at 0x00000000031a3296 to 0x00000000031a3645
Event: 4.203 Thread 0x000000001c40c000 Implicit null exception at 0x00000000034ec461 to 0x00000000034ec535
Event: 4.352 Thread 0x0000000002d3a000 Implicit null exception at 0x000000000353fa93 to 0x000000000353fbb9
Event: 4.471 Thread 0x000000001c40c000 Implicit null exception at 0x00000000035a8a07 to 0x00000000035a8aa5
Event: 4.944 Thread 0x0000000002d3a000 Exception <a 'java/lang/NoSuchFieldError': method resolution failed> (0x0000000781a60700) thrown at [C:\re\workspace\8-2-build-windows-amd64-cygwin\jdk8u131\8869\hotspot\src\share\vm\prims\methodHandles.cpp, line 1146]
Event: 4.946 Thread 0x0000000002d3a000 Exception <a 'java/lang/NoSuchFieldError': method resolution failed> (0x0000000781a6ddc0) thrown at [C:\re\workspace\8-2-build-windows-amd64-cygwin\jdk8u131\8869\hotspot\src\share\vm\prims\methodHandles.cpp, line 1146]

Events (10 events):
Event: 7.385 Thread 0x0000000002d3a000 DEOPT PACKING pc=0x000000000396b315 sp=0x0000000002f3e5e0
Event: 7.385 Thread 0x0000000002d3a000 DEOPT UNPACKING pc=0x0000000002f8787f sp=0x0000000002f3e330 mode 0
Event: 7.465 Thread 0x0000000002d3a000 Uncommon trap: trap_request=0xffffff65 fr.pc=0x000000000398d72c
Event: 7.465 Thread 0x0000000002d3a000 DEOPT PACKING pc=0x000000000398d72c sp=0x0000000002f3eae0
Event: 7.465 Thread 0x0000000002d3a000 DEOPT UNPACKING pc=0x0000000002f8582a sp=0x0000000002f3ea58 mode 2
Event: 7.499 Thread 0x0000000002d3a000 Uncommon trap: trap_request=0xffffff65 fr.pc=0x00000000031fdb64
Event: 7.499 Thread 0x0000000002d3a000 DEOPT PACKING pc=0x00000000031fdb64 sp=0x0000000002f3eab0
Event: 7.499 Thread 0x0000000002d3a000 DEOPT UNPACKING pc=0x0000000002f8582a sp=0x0000000002f3e938 mode 2
Event: 7.535 Thread 0x0000000002d3a000 DEOPT PACKING pc=0x000000000396b315 sp=0x0000000002f3e5e0
Event: 7.535 Thread 0x0000000002d3a000 DEOPT UNPACKING pc=0x0000000002f8787f sp=0x0000000002f3e330 mode 0


Dynamic libraries:
0x00007ff7fbac0000 - 0x00007ff7fbaf7000 	C:\Program Files\Java\jdk1.8.0_131\bin\javaw.exe
0x00007ff87f4a0000 - 0x00007ff87f672000 	C:\WINDOWS\SYSTEM32\ntdll.dll
0x00007ff87cec0000 - 0x00007ff87cf6c000 	C:\WINDOWS\System32\KERNEL32.DLL
0x00007ff87c580000 - 0x00007ff87c79d000 	C:\WINDOWS\System32\KERNELBASE.dll
0x00007ff87ee50000 - 0x00007ff87eef2000 	C:\WINDOWS\System32\ADVAPI32.dll
0x00007ff87d300000 - 0x00007ff87d39e000 	C:\WINDOWS\System32\msvcrt.dll
0x00007ff87ce60000 - 0x00007ff87ceb9000 	C:\WINDOWS\System32\sechost.dll
0x00007ff87d400000 - 0x00007ff87d521000 	C:\WINDOWS\System32\RPCRT4.dll
0x00007ff87f230000 - 0x00007ff87f395000 	C:\WINDOWS\System32\USER32.dll
0x00007ff87ba50000 - 0x00007ff87ba6e000 	C:\WINDOWS\System32\win32u.dll
0x00007ff87d2c0000 - 0x00007ff87d2f4000 	C:\WINDOWS\System32\GDI32.dll
0x00007ff87c810000 - 0x00007ff87c990000 	C:\WINDOWS\System32\gdi32full.dll
0x00007ff86e000000 - 0x00007ff86e27a000 	C:\WINDOWS\WinSxS\amd64_microsoft.windows.common-controls_6595b64144ccf1df_6.0.14393.953_none_42151e83c686086b\COMCTL32.dll
0x00007ff87ef00000 - 0x00007ff87f1c8000 	C:\WINDOWS\System32\combase.dll
0x00007ff87bd50000 - 0x00007ff87be45000 	C:\WINDOWS\System32\ucrtbase.dll
0x00007ff87c7a0000 - 0x00007ff87c80a000 	C:\WINDOWS\System32\bcryptPrimitives.dll
0x00007ff87d210000 - 0x00007ff87d23e000 	C:\WINDOWS\System32\IMM32.DLL
0x0000000064c90000 - 0x0000000064d62000 	C:\Program Files\Java\jdk1.8.0_131\jre\bin\msvcr100.dll
0x0000000063f70000 - 0x000000006480c000 	C:\Program Files\Java\jdk1.8.0_131\jre\bin\server\jvm.dll
0x00007ff87f490000 - 0x00007ff87f498000 	C:\WINDOWS\System32\PSAPI.DLL
0x00007ff86c8d0000 - 0x00007ff86c8d9000 	C:\WINDOWS\SYSTEM32\WSOCK32.dll
0x00007ff87eca0000 - 0x00007ff87ed0a000 	C:\WINDOWS\System32\WS2_32.dll
0x00007ff879aa0000 - 0x00007ff879ac3000 	C:\WINDOWS\SYSTEM32\WINMM.dll
0x00007ff86c4e0000 - 0x00007ff86c4ea000 	C:\WINDOWS\SYSTEM32\VERSION.dll
0x00007ff879a40000 - 0x00007ff879a6b000 	C:\WINDOWS\SYSTEM32\WINMMBASE.dll
0x00007ff87be50000 - 0x00007ff87be92000 	C:\WINDOWS\System32\cfgmgr32.dll
0x0000000063e80000 - 0x0000000063e8f000 	C:\Program Files\Java\jdk1.8.0_131\jre\bin\verify.dll
0x0000000063e50000 - 0x0000000063e79000 	C:\Program Files\Java\jdk1.8.0_131\jre\bin\java.dll
0x0000000063e30000 - 0x0000000063e46000 	C:\Program Files\Java\jdk1.8.0_131\jre\bin\zip.dll
0x00007ff87d6f0000 - 0x00007ff87ebf9000 	C:\WINDOWS\System32\SHELL32.dll
0x00007ff87bea0000 - 0x00007ff87c579000 	C:\WINDOWS\System32\windows.storage.dll
0x00007ff87b940000 - 0x00007ff87b98c000 	C:\WINDOWS\System32\powrprof.dll
0x00007ff87d3a0000 - 0x00007ff87d3f2000 	C:\WINDOWS\System32\shlwapi.dll
0x00007ff87b930000 - 0x00007ff87b93f000 	C:\WINDOWS\System32\kernel.appcore.dll
0x00007ff87b9a0000 - 0x00007ff87ba49000 	C:\WINDOWS\System32\shcore.dll
0x00007ff87b910000 - 0x00007ff87b924000 	C:\WINDOWS\System32\profapi.dll

VM Arguments:
jvm_args: -Dfile.encoding=Cp1252 
java_command: org.eclipse.emf.mwe2.launch.runtime.Mwe2Launcher src/at/ac/tuwien/big/school/GenerateSchoolText.mwe2
java_class_path (initial): C:\Users\Robert\Documents\eclipseMars\eclipseEcore2ASP\virtualedit\at.ac.tuwien.big.school.SchoolText\bin;C:\Users\Robert\Documents\eclipse-modeling-neon-2-win32-x86_64\eclipse\plugins\org.eclipse.core.runtime_3.12.0.v20160606-1342.jar;C:\Users\Robert\Documents\eclipse-modeling-neon-2-win32-x86_64\eclipse\plugins\javax.inject_1.0.0.v20091030.jar;C:\Users\Robert\Documents\eclipse-modeling-neon-2-win32-x86_64\eclipse\plugins\org.eclipse.osgi_3.11.2.v20161107-1947.jar;C:\Users\Robert\Documents\eclipse-modeling-neon-2-win32-x86_64\eclipse\plugins\org.eclipse.osgi.compatibility.state_1.0.200.v20160504-1419.jar;C:\Users\Robert\Documents\eclipse-modeling-neon-2-win32-x86_64\eclipse\plugins\org.eclipse.equinox.common_3.8.0.v20160509-1230.jar;C:\Users\Robert\Documents\eclipse-modeling-neon-2-win32-x86_64\eclipse\plugins\org.eclipse.core.jobs_3.8.0.v20160509-0411.jar;C:\Users\Robert\Documents\eclipse-modeling-neon-2-win32-x86_64\eclipse\plugins\org.eclipse.equinox.registry_3.6.100.v20160223-2218.jar;C:\Users\Robert\Documents\eclipse-modeling-neon-2-win32-x86_64\eclipse\plugins\org.eclipse.equinox.preferences_3.6.1.v20160815-1406.jar;C:\Users\Robert\Documents\eclipse-modeling-neon-2-win32-x86_64\eclipse\plugins\org.eclipse.core.contenttype_3.5.100.v20160418-1621.jar;C:\Users\Robert\Documents\eclipse-modeling-neon-2-win32-x86_64\eclipse\plugins\org.eclipse.equinox.app_1.3.400.v20150715-1528.jar;C:\Users\Robert\Documents\eclipse-modeling-neon-2-win32-x86_64\eclipse\plugins\org.eclipse.emf.ecore_2.12.0.v20160420-0247.jar;C:\Users\Robert\Documents\eclipse-modeling-neon-2-win32-x86_64\eclipse\plugins\org.eclipse.emf.common_2.12.0.v20160420-0247.jar;C:\Users\Robert\Documents\eclipseMars\eclipseEcore2ASP\virtualedit\at.ac.tuwien.big.virtlang.examples.school\bin;C:\Users\Robert\Documents\eclipse-modeling-neon-2-win32-x86_64\eclipse\plugins\org.eclipse.xtext_2.11.0.v20170130-0808.jar;C:\Users\Robert\Documents\eclipse-modeling-neon-2-win32-x86_64\eclipse\plu
Launcher Type: SUN_STANDARD

Environment Variables:
JAVA_HOME=C:\Program Files\Java\jdk1.8.0_131
USERNAME=Robert
OS=Windows_NT
PROCESSOR_IDENTIFIER=Intel64 Family 6 Model 69 Stepping 1, GenuineIntel



---------------  S Y S T E M  ---------------

OS: Windows 10.0 , 64 bit Build 14393 (10.0.14393.2214)

CPU:total 4 (initial active 4) (2 cores per cpu, 2 threads per core) family 6 model 69 stepping 1, cmov, cx8, fxsr, mmx, sse, sse2, sse3, ssse3, sse4.1, sse4.2, popcnt, avx, avx2, aes, clmul, erms, lzcnt, ht, tsc, tscinvbit, bmi1, bmi2

Memory: 4k page, physical 12279524k(2820936k free), swap 13328100k(7148k free)

vm_info: Java HotSpot(TM) 64-Bit Server VM (25.131-b11) for windows-amd64 JRE (1.8.0_131-b11), built on Mar 15 2017 01:23:53 by "java_re" with MS VC++ 10.0 (VS2010)

time: Mon Oct 15 07:19:42 2018
elapsed time: 7 seconds (0d 0h 0m 7s)

